#
# There is insufficient memory for the Java Runtime Environment to continue.
# Native memory allocation (malloc) failed to allocate 32744 bytes for ChunkPool::allocate
# Possible reasons:
#   The system is out of physical RAM or swap space
#   In 32 bit mode, the process size limit was hit
# Possible solutions:
#   Reduce memory load on the system
#   Increase physical memory or swap space
#   Check if swap backing store is full
#   Use 64 bit Java on a 64 bit OS
#   Decrease Java heap size (-Xmx/-Xms)
#   Decrease number of Java threads
#   Decrease Java thread stack sizes (-Xss)
#   Set larger code cache with -XX:ReservedCodeCacheSize=
# This output file may be truncated or incomplete.
#
#  Out of Memory Error (allocation.cpp:273), pid=10576, tid=0x00000000000032b8
#
# JRE version: OpenJDK Runtime Environment (8.0_112-b06) (build 1.8.0_112-release-b06)
# Java VM: OpenJDK 64-Bit Server VM (25.112-b06 mixed mode windows-amd64 compressed oops)
# Failed to write core dump. Minidumps are not enabled by default on client versions of Windows
#

---------------  T H R E A D  ---------------

Current thread (0x0000000017bbb000):  JavaThread "C2 CompilerThread1" daemon [_thread_in_native, id=12984, stack(0x0000000018470000,0x0000000018570000)]

Stack: [0x0000000018470000,0x0000000018570000]
[error occurred during error reporting (printing stack bounds), id 0xc0000005]

Native frames: (J=compiled Java code, j=interpreted, Vv=VM code, C=native code)


Current CompileTask:
C2:6697003 9280   !   4       java.nio.file.FileTreeWalker::next (144 bytes)


---------------  P R O C E S S  ---------------

Java Threads: ( => current thread )
  0x000000001c717000 JavaThread "Forward streams with process: command 'C:\Users\Lenovo\AppData\Local\Android\Sdk\build-tools\26.0.2\aapt.exe' Thread 3" [_thread_in_native, id=10100, stack(0x00000000243a0000,0x00000000244a0000)]
  0x000000001c711800 JavaThread "Forward streams with process: command 'C:\Users\Lenovo\AppData\Local\Android\Sdk\build-tools\26.0.2\aapt.exe' Thread 2" [_thread_in_native, id=16608, stack(0x00000000242a0000,0x00000000243a0000)]
  0x000000001c713000 JavaThread "Forward streams with process: command 'C:\Users\Lenovo\AppData\Local\Android\Sdk\build-tools\26.0.2\aapt.exe'" [_thread_blocked, id=17288, stack(0x0000000023f10000,0x0000000024010000)]
  0x000000001c712800 JavaThread "Run command 'C:\Users\Lenovo\AppData\Local\Android\Sdk\build-tools\26.0.2\aapt.exe'" [_thread_in_native, id=15096, stack(0x0000000023e10000,0x0000000023f10000)]
  0x000000001c714800 JavaThread "Thread-15" [_thread_blocked, id=16856, stack(0x0000000023a60000,0x0000000023b60000)]
  0x000000001c711000 JavaThread "pool-4-thread-1" [_thread_blocked, id=16496, stack(0x0000000023760000,0x0000000023860000)]
  0x000000001c710000 JavaThread "Cache update executor" [_thread_blocked, id=17228, stack(0x000000001ef60000,0x000000001f060000)]
  0x000000001c70c800 JavaThread "Stdin handler" [_thread_blocked, id=17012, stack(0x000000001ebe0000,0x000000001ece0000)]
  0x000000001c70d000 JavaThread "Asynchronous log dispatcher for DefaultDaemonConnection: socket connection from /127.0.0.1:53198 to /127.0.0.1:53638" [_thread_blocked, id=12892, stack(0x000000001e8b0000,0x000000001e9b0000)]
  0x000000001c70f800 JavaThread "Daemon worker Thread 2" [_thread_blocked, id=15312, stack(0x000000001ae40000,0x000000001af40000)]
  0x0000000019f78000 JavaThread "Cancel handler" [_thread_blocked, id=16940, stack(0x000000001ac40000,0x000000001ad40000)]
  0x0000000019f78800 JavaThread "Handler for socket connection from /127.0.0.1:53198 to /127.0.0.1:53638" [_thread_in_native, id=15612, stack(0x000000001ab40000,0x000000001ac40000)]
  0x0000000019f79800 JavaThread "Daemon Thread 2" [_thread_blocked, id=16480, stack(0x000000001aa40000,0x000000001ab40000)]
  0x0000000019f73800 JavaThread "File lock request listener" [_thread_in_native, id=12800, stack(0x000000001e5b0000,0x000000001e6b0000)]
  0x0000000019f17800 JavaThread "pool-1-thread-1" [_thread_blocked, id=5996, stack(0x000000001ad40000,0x000000001ae40000)]
  0x0000000019d13800 JavaThread "Incoming local TCP Connector on port 53198" [_thread_in_native, id=10008, stack(0x000000001a140000,0x000000001a240000)]
  0x0000000017c09800 JavaThread "Service Thread" daemon [_thread_blocked, id=6068, stack(0x0000000018770000,0x0000000018870000)]
  0x0000000017bcc800 JavaThread "C1 CompilerThread3" daemon [_thread_blocked, id=7056, stack(0x0000000018670000,0x0000000018770000)]
  0x0000000017bbd800 JavaThread "C2 CompilerThread2" daemon [_thread_blocked, id=8544, stack(0x0000000018570000,0x0000000018670000)]
=>0x0000000017bbb000 JavaThread "C2 CompilerThread1" daemon [_thread_in_native, id=12984, stack(0x0000000018470000,0x0000000018570000)]
  0x0000000017bb8000 JavaThread "C2 CompilerThread0" daemon [_thread_in_native, id=4120, stack(0x0000000018370000,0x0000000018470000)]
  0x0000000017bb7000 JavaThread "Attach Listener" daemon [_thread_blocked, id=5340, stack(0x0000000018270000,0x0000000018370000)]
  0x0000000017bb4000 JavaThread "Signal Dispatcher" daemon [_thread_blocked, id=10976, stack(0x0000000018170000,0x0000000018270000)]
  0x0000000017bb0800 JavaThread "Finalizer" daemon [_thread_blocked, id=13040, stack(0x0000000017f90000,0x0000000018090000)]
  0x0000000001ef6000 JavaThread "Reference Handler" daemon [_thread_blocked, id=10328, stack(0x0000000017a90000,0x0000000017b90000)]
  0x0000000001e00800 JavaThread "main" [_thread_blocked, id=6532, stack(0x0000000001d00000,0x0000000001e00000)]

Other Threads:
  0x0000000015cb5800 VMThread [stack: 0x0000000017990000,0x0000000017a90000] [id=10184]
  0x0000000017c0a800 WatcherThread [stack: 0x0000000018870000,0x0000000018970000] [id=11216]

VM state:not at safepoint (normal execution)

VM Mutex/Monitor currently owned by a thread: None

Heap:
 PSYoungGen      total 147968K, used 17520K [0x00000000e0000000, 0x00000000ed680000, 0x0000000100000000)
  eden space 122880K, 14% used [0x00000000e0000000,0x00000000e111c0b8,0x00000000e7800000)
  from space 25088K, 0% used [0x00000000e7800000,0x00000000e7800000,0x00000000e9080000)
  to   space 27648K, 0% used [0x00000000ebb80000,0x00000000ebb80000,0x00000000ed680000)
 ParOldGen       total 96768K, used 28693K [0x00000000a0000000, 0x00000000a5e80000, 0x00000000e0000000)
  object space 96768K, 29% used [0x00000000a0000000,0x00000000a1c056c0,0x00000000a5e80000)
 Metaspace       used 57890K, capacity 59474K, committed 60032K, reserved 1101824K
  class space    used 7568K, capacity 7898K, committed 8064K, reserved 1048576K

Card table byte_map: [0x00000000112c0000,0x00000000115d0000] byte_map_base: 0x0000000010dc0000

Marking Bits: (ParMarkBitMap*) 0x0000000071f418f0
 Begin Bits: [0x0000000011fd0000, 0x00000000137d0000)
 End Bits:   [0x00000000137d0000, 0x0000000014fd0000)

Polling page: 0x0000000000500000

CodeCache: size=245760Kb used=27463Kb max_used=27476Kb free=218296Kb
 bounds [0x0000000001f00000, 0x0000000003a00000, 0x0000000010f00000]
 total_blobs=8686 nmethods=7901 adapters=697
 compilation: enabled

Compilation events (10 events):
Event: 6695.827 Thread 0x0000000017bcc800 9300       3       java.net.URLClassLoader$1::run (5 bytes)
Event: 6695.827 Thread 0x0000000017bcc800 nmethod 9300 0x00000000039d7b10 code [0x00000000039d7c80, 0x00000000039d7e08]
Event: 6695.829 Thread 0x0000000017bcc800 9301       3       java.lang.ProcessEnvironment$CheckedEntry::getKey (5 bytes)
Event: 6695.829 Thread 0x0000000017bcc800 nmethod 9301 0x00000000039d74d0 code [0x00000000039d7640, 0x00000000039d79a8]
Event: 6695.829 Thread 0x0000000017bcc800 9302       3       java.lang.ProcessEnvironment$CheckedEntry::getKey (13 bytes)
Event: 6695.829 Thread 0x0000000017bcc800 nmethod 9302 0x00000000039d4b10 code [0x00000000039d4c80, 0x00000000039d4f88]
Event: 6695.836 Thread 0x0000000017bcc800 9303       3       org.slf4j.LoggerFactory::getILoggerFactory (83 bytes)
Event: 6695.836 Thread 0x0000000017bcc800 nmethod 9303 0x00000000039d4290 code [0x00000000039d4460, 0x00000000039d4958]
Event: 6695.841 Thread 0x0000000017bcc800 9304   !   3       java.net.URLClassLoader$1::run (63 bytes)
Event: 6695.842 Thread 0x0000000017bcc800 nmethod 9304 0x00000000039d38d0 code [0x00000000039d3aa0, 0x00000000039d3fa8]

GC Heap History (10 events):
Event: 10.781 GC heap before
{Heap before GC invocations=14 (full 2):
 PSYoungGen      total 101888K, used 101879K [0x00000000e0000000, 0x00000000e8580000, 0x0000000100000000)
  eden space 90624K, 100% used [0x00000000e0000000,0x00000000e5880000,0x00000000e5880000)
  from space 11264K, 99% used [0x00000000e5880000,0x00000000e637dde8,0x00000000e6380000)
  to   space 13824K, 0% used [0x00000000e7800000,0x00000000e7800000,0x00000000e8580000)
 ParOldGen       total 96768K, used 17388K [0x00000000a0000000, 0x00000000a5e80000, 0x00000000e0000000)
  object space 96768K, 17% used [0x00000000a0000000,0x00000000a10fb2f0,0x00000000a5e80000)
 Metaspace       used 53051K, capacity 54516K, committed 54656K, reserved 1095680K
  class space    used 7180K, capacity 7515K, committed 7552K, reserved 1048576K
Event: 10.802 GC heap after
Heap after GC invocations=14 (full 2):
 PSYoungGen      total 119296K, used 13811K [0x00000000e0000000, 0x00000000e9100000, 0x0000000100000000)
  eden space 105472K, 0% used [0x00000000e0000000,0x00000000e0000000,0x00000000e6700000)
  from space 13824K, 99% used [0x00000000e7800000,0x00000000e857cd08,0x00000000e8580000)
  to   space 17408K, 0% used [0x00000000e6700000,0x00000000e6700000,0x00000000e7800000)
 ParOldGen       total 96768K, used 23375K [0x00000000a0000000, 0x00000000a5e80000, 0x00000000e0000000)
  object space 96768K, 24% used [0x00000000a0000000,0x00000000a16d3c70,0x00000000a5e80000)
 Metaspace       used 53051K, capacity 54516K, committed 54656K, reserved 1095680K
  class space    used 7180K, capacity 7515K, committed 7552K, reserved 1048576K
}
Event: 6693.314 GC heap before
{Heap before GC invocations=15 (full 2):
 PSYoungGen      total 119296K, used 119283K [0x00000000e0000000, 0x00000000e9100000, 0x0000000100000000)
  eden space 105472K, 100% used [0x00000000e0000000,0x00000000e6700000,0x00000000e6700000)
  from space 13824K, 99% used [0x00000000e7800000,0x00000000e857cd08,0x00000000e8580000)
  to   space 17408K, 0% used [0x00000000e6700000,0x00000000e6700000,0x00000000e7800000)
 ParOldGen       total 96768K, used 23375K [0x00000000a0000000, 0x00000000a5e80000, 0x00000000e0000000)
  object space 96768K, 24% used [0x00000000a0000000,0x00000000a16d3c70,0x00000000a5e80000)
 Metaspace       used 55470K, capacity 57064K, committed 57088K, reserved 1099776K
  class space    used 7344K, capacity 7663K, committed 7680K, reserved 1048576K
Event: 6693.339 GC heap after
Heap after GC invocations=15 (full 2):
 PSYoungGen      total 122880K, used 17038K [0x00000000e0000000, 0x00000000ea400000, 0x0000000100000000)
  eden space 105472K, 0% used [0x00000000e0000000,0x00000000e0000000,0x00000000e6700000)
  from space 17408K, 97% used [0x00000000e6700000,0x00000000e77a3a30,0x00000000e7800000)
  to   space 19968K, 0% used [0x00000000e9080000,0x00000000e9080000,0x00000000ea400000)
 ParOldGen       total 96768K, used 23383K [0x00000000a0000000, 0x00000000a5e80000, 0x00000000e0000000)
  object space 96768K, 24% used [0x00000000a0000000,0x00000000a16d5c70,0x00000000a5e80000)
 Metaspace       used 55470K, capacity 57064K, committed 57088K, reserved 1099776K
  class space    used 7344K, capacity 7663K, committed 7680K, reserved 1048576K
}
Event: 6694.919 GC heap before
{Heap before GC invocations=16 (full 2):
 PSYoungGen      total 122880K, used 122510K [0x00000000e0000000, 0x00000000ea400000, 0x0000000100000000)
  eden space 105472K, 100% used [0x00000000e0000000,0x00000000e6700000,0x00000000e6700000)
  from space 17408K, 97% used [0x00000000e6700000,0x00000000e77a3a30,0x00000000e7800000)
  to   space 19968K, 0% used [0x00000000e9080000,0x00000000e9080000,0x00000000ea400000)
 ParOldGen       total 96768K, used 23383K [0x00000000a0000000, 0x00000000a5e80000, 0x00000000e0000000)
  object space 96768K, 24% used [0x00000000a0000000,0x00000000a16d5c70,0x00000000a5e80000)
 Metaspace       used 57039K, capacity 58742K, committed 59008K, reserved 1099776K
  class space    used 7459K, capacity 7782K, committed 7808K, reserved 1048576K
Event: 6694.941 GC heap after
Heap after GC invocations=16 (full 2):
 PSYoungGen      total 142848K, used 19936K [0x00000000e0000000, 0x00000000eae80000, 0x0000000100000000)
  eden space 122880K, 0% used [0x00000000e0000000,0x00000000e0000000,0x00000000e7800000)
  from space 19968K, 99% used [0x00000000e9080000,0x00000000ea3f8250,0x00000000ea400000)
  to   space 25088K, 0% used [0x00000000e7800000,0x00000000e7800000,0x00000000e9080000)
 ParOldGen       total 96768K, used 30759K [0x00000000a0000000, 0x00000000a5e80000, 0x00000000e0000000)
  object space 96768K, 31% used [0x00000000a0000000,0x00000000a1e09d78,0x00000000a5e80000)
 Metaspace       used 57039K, capacity 58742K, committed 59008K, reserved 1099776K
  class space    used 7459K, capacity 7782K, committed 7808K, reserved 1048576K
}
Event: 6695.256 GC heap before
{Heap before GC invocations=17 (full 2):
 PSYoungGen      total 142848K, used 46105K [0x00000000e0000000, 0x00000000eae80000, 0x0000000100000000)
  eden space 122880K, 21% used [0x00000000e0000000,0x00000000e198e570,0x00000000e7800000)
  from space 19968K, 99% used [0x00000000e9080000,0x00000000ea3f8250,0x00000000ea400000)
  to   space 25088K, 0% used [0x00000000e7800000,0x00000000e7800000,0x00000000e9080000)
 ParOldGen       total 96768K, used 30759K [0x00000000a0000000, 0x00000000a5e80000, 0x00000000e0000000)
  object space 96768K, 31% used [0x00000000a0000000,0x00000000a1e09d78,0x00000000a5e80000)
 Metaspace       used 57291K, capacity 58984K, committed 59136K, reserved 1099776K
  class space    used 7478K, capacity 7817K, committed 7936K, reserved 1048576K
Event: 6695.281 GC heap after
Heap after GC invocations=17 (full 2):
 PSYoungGen      total 147968K, used 21309K [0x00000000e0000000, 0x00000000ed680000, 0x0000000100000000)
  eden space 122880K, 0% used [0x00000000e0000000,0x00000000e0000000,0x00000000e7800000)
  from space 25088K, 84% used [0x00000000e7800000,0x00000000e8ccf420,0x00000000e9080000)
  to   space 27648K, 0% used [0x00000000ebb80000,0x00000000ebb80000,0x00000000ed680000)
 ParOldGen       total 96768K, used 30767K [0x00000000a0000000, 0x00000000a5e80000, 0x00000000e0000000)
  object space 96768K, 31% used [0x00000000a0000000,0x00000000a1e0bd78,0x00000000a5e80000)
 Metaspace       used 57291K, capacity 58984K, committed 59136K, reserved 1099776K
  class space    used 7478K, capacity 7817K, committed 7936K, reserved 1048576K
}
Event: 6695.281 GC heap before
{Heap before GC invocations=18 (full 3):
 PSYoungGen      total 147968K, used 21309K [0x00000000e0000000, 0x00000000ed680000, 0x0000000100000000)
  eden space 122880K, 0% used [0x00000000e0000000,0x00000000e0000000,0x00000000e7800000)
  from space 25088K, 84% used [0x00000000e7800000,0x00000000e8ccf420,0x00000000e9080000)
  to   space 27648K, 0% used [0x00000000ebb80000,0x00000000ebb80000,0x00000000ed680000)
 ParOldGen       total 96768K, used 30767K [0x00000000a0000000, 0x00000000a5e80000, 0x00000000e0000000)
  object space 96768K, 31% used [0x00000000a0000000,0x00000000a1e0bd78,0x00000000a5e80000)
 Metaspace       used 57291K, capacity 58984K, committed 59136K, reserved 1099776K
  class space    used 7478K, capacity 7817K, committed 7936K, reserved 1048576K
Event: 6695.456 GC heap after
Heap after GC invocations=18 (full 3):
 PSYoungGen      total 147968K, used 0K [0x00000000e0000000, 0x00000000ed680000, 0x0000000100000000)
  eden space 122880K, 0% used [0x00000000e0000000,0x00000000e0000000,0x00000000e7800000)
  from space 25088K, 0% used [0x00000000e7800000,0x00000000e7800000,0x00000000e9080000)
  to   space 27648K, 0% used [0x00000000ebb80000,0x00000000ebb80000,0x00000000ed680000)
 ParOldGen       total 96768K, used 28693K [0x00000000a0000000, 0x00000000a5e80000, 0x00000000e0000000)
  object space 96768K, 29% used [0x00000000a0000000,0x00000000a1c056c0,0x00000000a5e80000)
 Metaspace       used 57094K, capacity 58664K, committed 59136K, reserved 1099776K
  class space    used 7447K, capacity 7759K, committed 7936K, reserved 1048576K
}

Deoptimization events (10 events):
Event: 6695.629 Thread 0x000000001c70f800 Uncommon trap: reason=class_check action=maybe_recompile pc=0x000000000383f54c method=com.google.common.collect.AbstractMapBasedMultimap$AsMap$AsMapIterator.hasNext()Z @ 4
Event: 6695.634 Thread 0x000000001c70f800 Uncommon trap: reason=class_check action=maybe_recompile pc=0x0000000003934bb0 method=java.io.Writer.append(Ljava/lang/CharSequence;)Ljava/io/Writer; @ 20
Event: 6695.637 Thread 0x000000001c70f800 Uncommon trap: reason=class_check action=maybe_recompile pc=0x0000000003934bb0 method=java.io.Writer.append(Ljava/lang/CharSequence;)Ljava/io/Writer; @ 20
Event: 6695.648 Thread 0x000000001c70f800 Uncommon trap: reason=class_check action=maybe_recompile pc=0x0000000003868bbc method=sun.nio.fs.WindowsPath.equals(Ljava/lang/Object;)Z @ 13
Event: 6695.649 Thread 0x000000001c70f800 Uncommon trap: reason=class_check action=maybe_recompile pc=0x0000000003868bbc method=sun.nio.fs.WindowsPath.equals(Ljava/lang/Object;)Z @ 13
Event: 6695.650 Thread 0x000000001c70f800 Uncommon trap: reason=class_check action=maybe_recompile pc=0x0000000003868bbc method=sun.nio.fs.WindowsPath.equals(Ljava/lang/Object;)Z @ 13
Event: 6695.786 Thread 0x000000001c70f800 Uncommon trap: reason=unstable_if action=reinterpret pc=0x00000000023cc204 method=java.util.regex.Pattern.append(II)V @ 6
Event: 6695.822 Thread 0x000000001c714800 Uncommon trap: reason=unstable_if action=reinterpret pc=0x0000000002d1430c method=java.lang.ThreadLocal.get()Ljava/lang/Object; @ 11
Event: 6695.825 Thread 0x000000001c714800 Uncommon trap: reason=unstable_if action=reinterpret pc=0x0000000002f8b734 method=java.lang.ref.SoftReference.get()Ljava/lang/Object; @ 6
Event: 6695.838 Thread 0x000000001c714800 Uncommon trap: reason=unstable_if action=reinterpret pc=0x0000000002f467cc method=java.lang.ref.SoftReference.get()Ljava/lang/Object; @ 6

Internal exceptions (10 events):
Event: 6693.985 Thread 0x000000001c70f800 Exception <a 'sun/nio/fs/WindowsException'> (0x00000000e2edc430) thrown at [C:\src\android\AOSP-openjdk\external\jetbrains\jdk\hotspot\src\share\vm\prims\jni.cpp, line 709]
Event: 6694.345 Thread 0x000000001c70f800 Implicit null exception at 0x00000000024820eb to 0x0000000002482f91
Event: 6694.691 Thread 0x000000001c70f800 Implicit null exception at 0x00000000027b279e to 0x00000000027b2921
Event: 6694.724 Thread 0x000000001c70f800 Implicit null exception at 0x0000000003605569 to 0x0000000003606741
Event: 6694.724 Thread 0x000000001c70f800 Implicit null exception at 0x000000000275d4da to 0x000000000275d52d
Event: 6695.615 Thread 0x000000001c70f800 Implicit null exception at 0x00000000039aed9a to 0x00000000039af161
Event: 6695.799 Thread 0x000000001c70f800 Exception <a 'java/lang/NoSuchMethodError': java.lang.Object.lambda$negate$1(Ljava/lang/Object;)Z> (0x00000000e0cb61d8) thrown at [C:\src\android\AOSP-openjdk\external\jetbrains\jdk\hotspot\src\share\vm\interpreter\linkResolver.cpp, line 582]
Event: 6695.822 Thread 0x000000001c714800 Implicit null exception at 0x0000000002d14268 to 0x0000000002d142f9
Event: 6695.825 Thread 0x000000001c714800 Implicit null exception at 0x0000000002f84111 to 0x0000000002f8b6fd
Event: 6695.838 Thread 0x000000001c714800 Implicit null exception at 0x0000000002f3f53d to 0x0000000002f46799

Events (10 events):
Event: 6695.897 loading class org/gradle/process/internal/streams/ExecOutputHandleRunner
Event: 6695.897 loading class org/gradle/process/internal/streams/ExecOutputHandleRunner done
Event: 6695.897 Executing VM operation: RevokeBias
Event: 6695.897 Executing VM operation: RevokeBias done
Event: 6695.897 Thread 0x000000001c711800 Thread exited: 0x000000001c711800
Event: 6695.898 Thread 0x000000001c713000 Thread added: 0x000000001c713000
Event: 6695.898 Thread 0x000000001c711800 Thread added: 0x000000001c711800
Event: 6695.898 Executing VM operation: RevokeBias
Event: 6695.898 Thread 0x000000001c717000 Thread added: 0x000000001c717000
Event: 6695.898 Executing VM operation: RevokeBias done


Dynamic libraries:
0x00007ff7d0840000 - 0x00007ff7d0871000 	C:\Program Files\Android\Android Studio\jre\bin\java.exe
0x00007ffb6bac0000 - 0x00007ffb6bc6d000 	C:\Windows\SYSTEM32\ntdll.dll
0x00007ffb6b690000 - 0x00007ffb6b7ce000 	C:\Windows\system32\KERNEL32.DLL
0x00007ffb3b390000 - 0x00007ffb3b3c4000 	C:\Program Files\AVAST Software\Avast\x64\aswhooka.dll
0x00007ffb69030000 - 0x00007ffb69145000 	C:\Windows\system32\KERNELBASE.dll
0x00007ffb69c60000 - 0x00007ffb69d0a000 	C:\Windows\system32\ADVAPI32.dll
0x00007ffb69ae0000 - 0x00007ffb69c57000 	C:\Windows\system32\USER32.dll
0x00007ffb66b30000 - 0x00007ffb66dab000 	C:\Windows\WinSxS\amd64_microsoft.windows.common-controls_6595b64144ccf1df_6.0.9600.18006_none_623f33d3ecbe86e8\COMCTL32.dll
0x00007ffb6b5e0000 - 0x00007ffb6b68a000 	C:\Windows\system32\msvcrt.dll
0x00007ffb6b3a0000 - 0x00007ffb6b3f9000 	C:\Windows\SYSTEM32\sechost.dll
0x00007ffb6b980000 - 0x00007ffb6bac0000 	C:\Windows\system32\RPCRT4.dll
0x00007ffb696a0000 - 0x00007ffb697eb000 	C:\Windows\system32\GDI32.dll
0x00007ffb68e20000 - 0x00007ffb68e4e000 	C:\Windows\system32\SspiCli.dll
0x00007ffb69970000 - 0x00007ffb699a6000 	C:\Windows\system32\IMM32.DLL
0x00007ffb69150000 - 0x00007ffb692a1000 	C:\Windows\system32\MSCTF.dll
0x00000000716a0000 - 0x0000000071772000 	C:\Program Files\Android\Android Studio\jre\jre\bin\msvcr100.dll
0x0000000071780000 - 0x0000000071fbc000 	C:\Program Files\Android\Android Studio\jre\jre\bin\server\jvm.dll
0x00007ffb4ad60000 - 0x00007ffb4ad69000 	C:\Windows\SYSTEM32\WSOCK32.dll
0x00007ffb654b0000 - 0x00007ffb654d2000 	C:\Windows\SYSTEM32\WINMM.dll
0x00007ffb654a0000 - 0x00007ffb654aa000 	C:\Windows\SYSTEM32\VERSION.dll
0x00007ffb6b7d0000 - 0x00007ffb6b7d7000 	C:\Windows\system32\PSAPI.DLL
0x00007ffb69a20000 - 0x00007ffb69a7a000 	C:\Windows\system32\WS2_32.dll
0x00007ffb65470000 - 0x00007ffb6549a000 	C:\Windows\SYSTEM32\WINMMBASE.dll
0x00007ffb6b240000 - 0x00007ffb6b249000 	C:\Windows\system32\NSI.dll
0x00007ffb68cc0000 - 0x00007ffb68d0f000 	C:\Windows\SYSTEM32\cfgmgr32.dll
0x00007ffb67a00000 - 0x00007ffb67a28000 	C:\Windows\SYSTEM32\DEVOBJ.dll
0x00007ffb37c80000 - 0x00007ffb37c8f000 	C:\Program Files\Android\Android Studio\jre\jre\bin\verify.dll
0x00007ffb37c50000 - 0x00007ffb37c79000 	C:\Program Files\Android\Android Studio\jre\jre\bin\java.dll
0x00007ffb37c30000 - 0x00007ffb37c46000 	C:\Program Files\Android\Android Studio\jre\jre\bin\zip.dll
0x00007ffb69d10000 - 0x00007ffb6b239000 	C:\Windows\system32\SHELL32.dll
0x00007ffb692b0000 - 0x00007ffb694c2000 	C:\Windows\SYSTEM32\combase.dll
0x00007ffb6b340000 - 0x00007ffb6b394000 	C:\Windows\system32\SHLWAPI.dll
0x00007ffb67180000 - 0x00007ffb67232000 	C:\Windows\SYSTEM32\SHCORE.dll
0x00007ffb68bf0000 - 0x00007ffb68c05000 	C:\Windows\SYSTEM32\profapi.dll
0x00007ffb37c10000 - 0x00007ffb37c2a000 	C:\Program Files\Android\Android Studio\jre\jre\bin\net.dll
0x00007ffb684f0000 - 0x00007ffb68549000 	C:\Windows\system32\mswsock.dll
0x00007ffb37bf0000 - 0x00007ffb37c01000 	C:\Program Files\Android\Android Studio\jre\jre\bin\nio.dll
0x00007ffb3b810000 - 0x00007ffb3b82e000 	C:\Users\Lenovo\.gradle\native\23\windows-amd64\native-platform.dll
0x00007ffb68550000 - 0x00007ffb68570000 	C:\Windows\SYSTEM32\CRYPTSP.dll
0x00007ffb68120000 - 0x00007ffb68156000 	C:\Windows\system32\rsaenh.dll
0x00007ffb687c0000 - 0x00007ffb687e6000 	C:\Windows\SYSTEM32\bcrypt.dll
0x00007ffb68230000 - 0x00007ffb68251000 	C:\Windows\SYSTEM32\USERENV.dll
0x00007ffb68ac0000 - 0x00007ffb68b23000 	C:\Windows\system32\bcryptprimitives.dll
0x00007ffb68b30000 - 0x00007ffb68b3b000 	C:\Windows\SYSTEM32\CRYPTBASE.dll
0x00007ffb62db0000 - 0x00007ffb62dda000 	C:\Windows\SYSTEM32\IPHLPAPI.DLL
0x00007ffb63c10000 - 0x00007ffb63c1a000 	C:\Windows\SYSTEM32\WINNSI.DLL
0x00007ffb626e0000 - 0x00007ffb626f6000 	C:\Windows\SYSTEM32\dhcpcsvc6.DLL
0x00007ffb62ae0000 - 0x00007ffb62afa000 	C:\Windows\SYSTEM32\dhcpcsvc.DLL
0x00007ffb37800000 - 0x00007ffb3780d000 	C:\Program Files\Android\Android Studio\jre\jre\bin\management.dll
0x00007ffb37490000 - 0x00007ffb374b4000 	C:\Program Files\Android\Android Studio\jre\jre\bin\sunec.dll
0x00007ffb682f0000 - 0x00007ffb68394000 	C:\Windows\SYSTEM32\DNSAPI.dll
0x00000000738f0000 - 0x0000000073916000 	C:\Program Files\Bonjour\mdnsNSP.dll
0x00007ffb4ac10000 - 0x00007ffb4ac1a000 	C:\Windows\System32\rasadhlp.dll
0x00007ffb62960000 - 0x00007ffb629cb000 	C:\Windows\System32\fwpuclnt.dll
0x00007ffb39800000 - 0x00007ffb3980b000 	C:\Program Files\Android\Android Studio\jre\jre\bin\sunmscapi.dll
0x00007ffb68e50000 - 0x00007ffb6902f000 	C:\Windows\system32\CRYPT32.dll
0x00007ffb68ca0000 - 0x00007ffb68cb1000 	C:\Windows\system32\MSASN1.dll

VM Arguments:
jvm_args: -Xmx1536m -Dfile.encoding=windows-1252 -Duser.country=US -Duser.language=en -Duser.variant 
java_command: org.gradle.launcher.daemon.bootstrap.GradleDaemon 3.3
java_class_path (initial): C:\Users\Lenovo\.gradle\wrapper\dists\gradle-3.3-all\55gk2rcmfc6p2dg9u9ohc3hw9\gradle-3.3\lib\gradle-launcher-3.3.jar
Launcher Type: SUN_STANDARD

Environment Variables:
JAVA_HOME=C:\Program Files\Java\jdk1.8.0_101
PATH=C:\ProgramData\Oracle\Java\javapath;C:\Windows\system32;C:\Windows;C:\Windows\System32\Wbem;C:\Windows\System32\WindowsPowerShell\v1.0\;C:\Program Files\Microsoft SQL Server\120\Tools\Binn\;C:\Program Files\Microsoft SQL Server\130\Tools\Binn\;C:\Program Files\Microsoft SQL Server\Client SDK\ODBC\110\Tools\Binn\;C:\Program Files (x86)\Microsoft SQL Server\120\Tools\Binn\;C:\Program Files\Microsoft SQL Server\120\DTS\Binn\;C:\Program Files (x86)\Microsoft SQL Server\120\Tools\Binn\ManagementStudio\;C:\Program Files (x86)\Microsoft SQL Server\120\DTS\Binn\;C:\Program Files\Git\cmd;C:\Windows\system32\config\systemprofile\.dnx\bin;C:\Program Files\Microsoft DNX\Dnvm\;C:\Program Files\nodejs\;C:\Program Files\dotnet\;C:\Program Files\Microsoft SQL Server\Client SDK\ODBC\130\Tools\Binn\;C:\Program Files (x86)\Microsoft SQL Server\140\Tools\Binn\;C:\Program Files\Microsoft SQL Server\140\Tools\Binn\;C:\Program Files\Microsoft SQL Server\140\DTS\Binn\;C:\Program Files (x86)\Microsoft SQL Server\Client SDK\ODBC\130\Tools\Binn\;C:\Program Files (x86)\Microsoft SQL Server\140\DTS\Binn\;C:\Program Files (x86)\Microsoft SQL Server\140\Tools\Binn\ManagementStudio\;C:\Program Files (x86)\Git\cmd;C:\Users\Lenovo\AppData\Roaming\npm;C:\Users\Lenovo\AppData\Local\atom\bin
USERNAME=Lenovo
OS=Windows_NT
PROCESSOR_IDENTIFIER=Intel64 Family 6 Model 60 Stepping 3, GenuineIntel



---------------  S Y S T E M  ---------------

OS: Windows 8.1 , 64 bit Build 9600 (6.3.9600.17415)

CPU:total 8 (4 cores per cpu, 2 threads per core) family 6 model 60 stepping 3, cmov, cx8, fxsr, mmx, sse, sse2, sse3, ssse3, sse4.1, sse4.2, popcnt, avx, avx2, aes, clmul, erms, lzcnt, ht, tsc, tscinvbit, bmi1, bmi2

Memory: 4k page, physical 8337772k(950536k free), swap 11483500k(5456k free)

vm_info: OpenJDK 64-Bit Server VM (25.112-b06) for windows-amd64 JRE (1.8.0_112-release-b06), built on Dec  8 2016 00:54:26 by "builder" with MS VC++ 10.0 (VS2010)

time: Mon Dec 04 22:39:25 2017
elapsed time: 6696 seconds (0d 1h 51m 36s)

