#
# There is insufficient memory for the Java Runtime Environment to continue.
# Native memory allocation (malloc) failed to allocate 1128496 bytes for Chunk::new
# Possible reasons:
#   The system is out of physical RAM or swap space
#   In 32 bit mode, the process size limit was hit
# Possible solutions:
#   Reduce memory load on the system
#   Increase physical memory or swap space
#   Check if swap backing store is full
#   Use 64 bit Java on a 64 bit OS
#   Decrease Java heap size (-Xmx/-Xms)
#   Decrease number of Java threads
#   Decrease Java thread stack sizes (-Xss)
#   Set larger code cache with -XX:ReservedCodeCacheSize=
# This output file may be truncated or incomplete.
#
#  Out of Memory Error (allocation.cpp:390), pid=9800, tid=0x0000000000004738
#
# JRE version: OpenJDK Runtime Environment (8.0_112-b06) (build 1.8.0_112-release-b06)
# Java VM: OpenJDK 64-Bit Server VM (25.112-b06 mixed mode windows-amd64 compressed oops)
# Failed to write core dump. Minidumps are not enabled by default on client versions of Windows
#

---------------  T H R E A D  ---------------

Current thread (0x00000000188e3800):  JavaThread "C2 CompilerThread2" daemon [_thread_in_native, id=18232, stack(0x00000000192a0000,0x00000000193a0000)]

Stack: [0x00000000192a0000,0x00000000193a0000]
[error occurred during error reporting (printing stack bounds), id 0xc0000005]

Native frames: (J=compiled Java code, j=interpreted, Vv=VM code, C=native code)


Current CompileTask:
C2:  18157 6010   !   4       com.sun.org.apache.xerces.internal.impl.XMLDocumentFragmentScannerImpl$FragmentContentDriver::next (2323 bytes)


---------------  P R O C E S S  ---------------

Java Threads: ( => current thread )
  0x000000001b3a3800 JavaThread "Cache update executor" [_thread_blocked, id=29364, stack(0x0000000024110000,0x0000000024210000)]
  0x000000001dc8c800 JavaThread "File lock request listener" [_thread_in_native, id=28884, stack(0x000000001f7e0000,0x000000001f8e0000)]
  0x000000001a751000 JavaThread "Stdin handler" [_thread_blocked, id=20020, stack(0x000000001cd70000,0x000000001ce70000)]
  0x000000001ad1d000 JavaThread "Asynchronous log dispatcher for DefaultDaemonConnection: socket connection from /127.0.0.1:53987 to /127.0.0.1:53989" [_thread_blocked, id=22616, stack(0x000000001cc70000,0x000000001cd70000)]
  0x000000001ad1b000 JavaThread "Daemon worker" [_thread_blocked, id=29508, stack(0x000000001cb70000,0x000000001cc70000)]
  0x000000001a725000 JavaThread "Cancel handler" [_thread_blocked, id=17644, stack(0x000000001ca70000,0x000000001cb70000)]
  0x000000001a769800 JavaThread "pool-1-thread-1" [_thread_blocked, id=32252, stack(0x000000001c970000,0x000000001ca70000)]
  0x000000001ae30000 JavaThread "Handler for socket connection from /127.0.0.1:53987 to /127.0.0.1:53989" [_thread_in_native, id=32104, stack(0x000000001c870000,0x000000001c970000)]
  0x000000001ae2a800 JavaThread "Daemon" [_thread_blocked, id=20388, stack(0x000000001c770000,0x000000001c870000)]
  0x000000001a5ed000 JavaThread "Incoming local TCP Connector on port 53987" [_thread_in_native, id=4696, stack(0x000000001ae70000,0x000000001af70000)]
  0x0000000018966800 JavaThread "Service Thread" daemon [_thread_blocked, id=11288, stack(0x00000000194a0000,0x00000000195a0000)]
  0x00000000188e7000 JavaThread "C1 CompilerThread3" daemon [_thread_in_vm, id=29208, stack(0x00000000193a0000,0x00000000194a0000)]
=>0x00000000188e3800 JavaThread "C2 CompilerThread2" daemon [_thread_in_native, id=18232, stack(0x00000000192a0000,0x00000000193a0000)]
  0x00000000188d9000 JavaThread "C2 CompilerThread1" daemon [_thread_in_native, id=32820, stack(0x00000000191a0000,0x00000000192a0000)]
  0x00000000188d6000 JavaThread "C2 CompilerThread0" daemon [_thread_in_native, id=27508, stack(0x00000000190a0000,0x00000000191a0000)]
  0x00000000188d4800 JavaThread "Attach Listener" daemon [_thread_blocked, id=35228, stack(0x0000000018fa0000,0x00000000190a0000)]
  0x00000000169ee800 JavaThread "Signal Dispatcher" daemon [_thread_blocked, id=21976, stack(0x0000000018ea0000,0x0000000018fa0000)]
  0x0000000002bed800 JavaThread "Finalizer" daemon [_thread_blocked, id=22876, stack(0x0000000018cb0000,0x0000000018db0000)]
  0x0000000002be7000 JavaThread "Reference Handler" daemon [_thread_blocked, id=22288, stack(0x00000000187b0000,0x00000000188b0000)]
  0x0000000002af0800 JavaThread "main" [_thread_blocked, id=1004, stack(0x00000000029e0000,0x0000000002ae0000)]

Other Threads:
  0x00000000169d4800 VMThread [stack: 0x00000000186b0000,0x00000000187b0000] [id=28556]
  0x0000000018967000 WatcherThread [stack: 0x00000000195a0000,0x00000000196a0000] [id=14340]

VM state:not at safepoint (normal execution)

VM Mutex/Monitor currently owned by a thread:  ([mutex/lock_event])
[0x00000000029de310] CompiledIC_lock - owner thread: 0x0000000000000000

Heap:
 PSYoungGen      total 134656K, used 19943K [0x00000000e0000000, 0x00000000eae00000, 0x0000000100000000)
  eden space 121856K, 5% used [0x00000000e0000000,0x00000000e0701170,0x00000000e7700000)
  from space 12800K, 99% used [0x00000000e7700000,0x00000000e8378c98,0x00000000e8380000)
  to   space 16384K, 0% used [0x00000000e9e00000,0x00000000e9e00000,0x00000000eae00000)
 ParOldGen       total 108544K, used 23370K [0x00000000a0000000, 0x00000000a6a00000, 0x00000000e0000000)
  object space 108544K, 21% used [0x00000000a0000000,0x00000000a16d2ad8,0x00000000a6a00000)
 Metaspace       used 48802K, capacity 50356K, committed 50560K, reserved 1093632K
  class space    used 6618K, capacity 6949K, committed 7040K, reserved 1048576K

Card table byte_map: [0x0000000011fc0000,0x00000000122d0000] byte_map_base: 0x0000000011ac0000

Marking Bits: (ParMarkBitMap*) 0x000000006e8718f0
 Begin Bits: [0x0000000012cd0000, 0x00000000144d0000)
 End Bits:   [0x00000000144d0000, 0x0000000015cd0000)

Polling page: 0x0000000001240000

CodeCache: size=245760Kb used=20088Kb max_used=20873Kb free=225671Kb
 bounds [0x0000000002c00000, 0x0000000004080000, 0x0000000011c00000]
 total_blobs=6392 nmethods=5649 adapters=655
 compilation: enabled

Compilation events (10 events):
Event: 18.143 Thread 0x00000000188e7000 nmethod 6172 0x0000000003616810 code [0x0000000003616a60, 0x00000000036178e8]
Event: 18.144 Thread 0x00000000188e7000 6174       3       sun.nio.fs.WindowsPath::hashCode (52 bytes)
Event: 18.145 Thread 0x00000000188e7000 nmethod 6174 0x0000000003455f10 code [0x00000000034560e0, 0x0000000003456828]
Event: 18.145 Thread 0x00000000188e7000 6178   !   3       java.io.ObjectOutputStream::defaultWriteFields (270 bytes)
Event: 18.148 Thread 0x00000000188e7000 nmethod 6178 0x0000000003052350 code [0x00000000030525a0, 0x0000000003053258]
Event: 18.148 Thread 0x00000000188e7000 6175       3       com.google.common.base.Ascii::isLowerCase (18 bytes)
Event: 18.149 Thread 0x00000000188e7000 nmethod 6175 0x00000000035fa290 code [0x00000000035fa3e0, 0x00000000035fa5b0]
Event: 18.149 Thread 0x00000000188e7000 6179   !   3       org.gradle.internal.event.DefaultListenerManager$EventBroadcast$ListenerDispatch::dispatch (46 bytes)
Event: 18.150 Thread 0x00000000188e7000 nmethod 6179 0x000000000366b790 code [0x000000000366b960, 0x000000000366be88]
Event: 18.151 Thread 0x00000000188e7000 6173       3       javax.management.ObjectName::getCanonicalKeyPropertyListString (44 bytes)

GC Heap History (10 events):
Event: 7.502 GC heap before
{Heap before GC invocations=7 (full 1):
 PSYoungGen      total 71680K, used 71678K [0x00000000e0000000, 0x00000000e7080000, 0x0000000100000000)
  eden space 66560K, 100% used [0x00000000e0000000,0x00000000e4100000,0x00000000e4100000)
  from space 5120K, 99% used [0x00000000e4100000,0x00000000e45ff810,0x00000000e4600000)
  to   space 10752K, 0% used [0x00000000e6600000,0x00000000e6600000,0x00000000e7080000)
 ParOldGen       total 66560K, used 11706K [0x00000000a0000000, 0x00000000a4100000, 0x00000000e0000000)
  object space 66560K, 17% used [0x00000000a0000000,0x00000000a0b6e808,0x00000000a4100000)
 Metaspace       used 29405K, capacity 29942K, committed 30336K, reserved 1075200K
  class space    used 3999K, capacity 4115K, committed 4224K, reserved 1048576K
Event: 7.515 GC heap after
Heap after GC invocations=7 (full 1):
 PSYoungGen      total 97280K, used 6593K [0x00000000e0000000, 0x00000000e6c80000, 0x0000000100000000)
  eden space 90624K, 0% used [0x00000000e0000000,0x00000000e0000000,0x00000000e5880000)
  from space 6656K, 99% used [0x00000000e6600000,0x00000000e6c70668,0x00000000e6c80000)
  to   space 10240K, 0% used [0x00000000e5880000,0x00000000e5880000,0x00000000e6280000)
 ParOldGen       total 66560K, used 11778K [0x00000000a0000000, 0x00000000a4100000, 0x00000000e0000000)
  object space 66560K, 17% used [0x00000000a0000000,0x00000000a0b80818,0x00000000a4100000)
 Metaspace       used 29405K, capacity 29942K, committed 30336K, reserved 1075200K
  class space    used 3999K, capacity 4115K, committed 4224K, reserved 1048576K
}
Event: 8.780 GC heap before
{Heap before GC invocations=8 (full 1):
 PSYoungGen      total 97280K, used 77242K [0x00000000e0000000, 0x00000000e6c80000, 0x0000000100000000)
  eden space 90624K, 77% used [0x00000000e0000000,0x00000000e44fe2f8,0x00000000e5880000)
  from space 6656K, 99% used [0x00000000e6600000,0x00000000e6c70668,0x00000000e6c80000)
  to   space 10240K, 0% used [0x00000000e5880000,0x00000000e5880000,0x00000000e6280000)
 ParOldGen       total 66560K, used 11778K [0x00000000a0000000, 0x00000000a4100000, 0x00000000e0000000)
  object space 66560K, 17% used [0x00000000a0000000,0x00000000a0b80818,0x00000000a4100000)
 Metaspace       used 34704K, capacity 35350K, committed 35496K, reserved 1079296K
  class space    used 4651K, capacity 4815K, committed 4864K, reserved 1048576K
Event: 8.802 GC heap after
Heap after GC invocations=8 (full 1):
 PSYoungGen      total 100864K, used 10230K [0x00000000e0000000, 0x00000000e9200000, 0x0000000100000000)
  eden space 90624K, 0% used [0x00000000e0000000,0x00000000e0000000,0x00000000e5880000)
  from space 10240K, 99% used [0x00000000e5880000,0x00000000e627da90,0x00000000e6280000)
  to   space 12288K, 0% used [0x00000000e8600000,0x00000000e8600000,0x00000000e9200000)
 ParOldGen       total 66560K, used 13091K [0x00000000a0000000, 0x00000000a4100000, 0x00000000e0000000)
  object space 66560K, 19% used [0x00000000a0000000,0x00000000a0cc8dd0,0x00000000a4100000)
 Metaspace       used 34704K, capacity 35350K, committed 35496K, reserved 1079296K
  class space    used 4651K, capacity 4815K, committed 4864K, reserved 1048576K
}
Event: 8.802 GC heap before
{Heap before GC invocations=9 (full 2):
 PSYoungGen      total 100864K, used 10230K [0x00000000e0000000, 0x00000000e9200000, 0x0000000100000000)
  eden space 90624K, 0% used [0x00000000e0000000,0x00000000e0000000,0x00000000e5880000)
  from space 10240K, 99% used [0x00000000e5880000,0x00000000e627da90,0x00000000e6280000)
  to   space 12288K, 0% used [0x00000000e8600000,0x00000000e8600000,0x00000000e9200000)
 ParOldGen       total 66560K, used 13091K [0x00000000a0000000, 0x00000000a4100000, 0x00000000e0000000)
  object space 66560K, 19% used [0x00000000a0000000,0x00000000a0cc8dd0,0x00000000a4100000)
 Metaspace       used 34704K, capacity 35350K, committed 35496K, reserved 1079296K
  class space    used 4651K, capacity 4815K, committed 4864K, reserved 1048576K
Event: 8.929 GC heap after
Heap after GC invocations=9 (full 2):
 PSYoungGen      total 100864K, used 0K [0x00000000e0000000, 0x00000000e9200000, 0x0000000100000000)
  eden space 90624K, 0% used [0x00000000e0000000,0x00000000e0000000,0x00000000e5880000)
  from space 10240K, 0% used [0x00000000e5880000,0x00000000e5880000,0x00000000e6280000)
  to   space 12288K, 0% used [0x00000000e8600000,0x00000000e8600000,0x00000000e9200000)
 ParOldGen       total 108544K, used 17614K [0x00000000a0000000, 0x00000000a6a00000, 0x00000000e0000000)
  object space 108544K, 16% used [0x00000000a0000000,0x00000000a1133b30,0x00000000a6a00000)
 Metaspace       used 34704K, capacity 35350K, committed 35496K, reserved 1079296K
  class space    used 4651K, capacity 4815K, committed 4864K, reserved 1048576K
}
Event: 10.889 GC heap before
{Heap before GC invocations=10 (full 2):
 PSYoungGen      total 100864K, used 90624K [0x00000000e0000000, 0x00000000e9200000, 0x0000000100000000)
  eden space 90624K, 100% used [0x00000000e0000000,0x00000000e5880000,0x00000000e5880000)
  from space 10240K, 0% used [0x00000000e5880000,0x00000000e5880000,0x00000000e6280000)
  to   space 12288K, 0% used [0x00000000e8600000,0x00000000e8600000,0x00000000e9200000)
 ParOldGen       total 108544K, used 17614K [0x00000000a0000000, 0x00000000a6a00000, 0x00000000e0000000)
  object space 108544K, 16% used [0x00000000a0000000,0x00000000a1133b30,0x00000000a6a00000)
 Metaspace       used 42228K, capacity 43060K, committed 43392K, reserved 1087488K
  class space    used 5666K, capacity 5889K, committed 6016K, reserved 1048576K
Event: 10.905 GC heap after
Heap after GC invocations=10 (full 2):
 PSYoungGen      total 132096K, used 9927K [0x00000000e0000000, 0x00000000e9000000, 0x0000000100000000)
  eden space 121856K, 0% used [0x00000000e0000000,0x00000000e0000000,0x00000000e7700000)
  from space 10240K, 96% used [0x00000000e8600000,0x00000000e8fb1cf8,0x00000000e9000000)
  to   space 12800K, 0% used [0x00000000e7700000,0x00000000e7700000,0x00000000e8380000)
 ParOldGen       total 108544K, used 17622K [0x00000000a0000000, 0x00000000a6a00000, 0x00000000e0000000)
  object space 108544K, 16% used [0x00000000a0000000,0x00000000a1135b30,0x00000000a6a00000)
 Metaspace       used 42228K, capacity 43060K, committed 43392K, reserved 1087488K
  class space    used 5666K, capacity 5889K, committed 6016K, reserved 1048576K
}
Event: 14.762 GC heap before
{Heap before GC invocations=11 (full 2):
 PSYoungGen      total 132096K, used 131783K [0x00000000e0000000, 0x00000000e9000000, 0x0000000100000000)
  eden space 121856K, 100% used [0x00000000e0000000,0x00000000e7700000,0x00000000e7700000)
  from space 10240K, 96% used [0x00000000e8600000,0x00000000e8fb1cf8,0x00000000e9000000)
  to   space 12800K, 0% used [0x00000000e7700000,0x00000000e7700000,0x00000000e8380000)
 ParOldGen       total 108544K, used 17622K [0x00000000a0000000, 0x00000000a6a00000, 0x00000000e0000000)
  object space 108544K, 16% used [0x00000000a0000000,0x00000000a1135b30,0x00000000a6a00000)
 Metaspace       used 48352K, capacity 49904K, committed 49920K, reserved 1091584K
  class space    used 6561K, capacity 6899K, committed 6912K, reserved 1048576K
Event: 15.792 GC heap after
Heap after GC invocations=11 (full 2):
 PSYoungGen      total 134656K, used 12771K [0x00000000e0000000, 0x00000000eae00000, 0x0000000100000000)
  eden space 121856K, 0% used [0x00000000e0000000,0x00000000e0000000,0x00000000e7700000)
  from space 12800K, 99% used [0x00000000e7700000,0x00000000e8378c98,0x00000000e8380000)
  to   space 16384K, 0% used [0x00000000e9e00000,0x00000000e9e00000,0x00000000eae00000)
 ParOldGen       total 108544K, used 23370K [0x00000000a0000000, 0x00000000a6a00000, 0x00000000e0000000)
  object space 108544K, 21% used [0x00000000a0000000,0x00000000a16d2ad8,0x00000000a6a00000)
 Metaspace       used 48352K, capacity 49904K, committed 49920K, reserved 1091584K
  class space    used 6561K, capacity 6899K, committed 6912K, reserved 1048576K
}

Deoptimization events (10 events):
Event: 15.829 Thread 0x000000001ad1b000 Uncommon trap: reason=class_check action=maybe_recompile pc=0x00000000034f62e4 method=java.util.concurrent.ConcurrentHashMap.putVal(Ljava/lang/Object;Ljava/lang/Object;Z)Ljava/lang/Object; @ 192
Event: 15.862 Thread 0x000000001ad1b000 Uncommon trap: reason=unstable_if action=reinterpret pc=0x00000000030156bc method=java.lang.String$CaseInsensitiveComparator.compare(Ljava/lang/String;Ljava/lang/String;)I @ 70
Event: 15.938 Thread 0x000000001ad1b000 Uncommon trap: reason=class_check action=maybe_recompile pc=0x0000000003c100bc method=java.lang.AbstractStringBuilder.append(Ljava/lang/CharSequence;)Ljava/lang/AbstractStringBuilder; @ 26
Event: 15.938 Thread 0x000000001ad1b000 Uncommon trap: reason=class_check action=maybe_recompile pc=0x0000000003aa9d28 method=java.lang.AbstractStringBuilder.append(Ljava/lang/CharSequence;II)Ljava/lang/AbstractStringBuilder; @ 18
Event: 15.950 Thread 0x000000001ad1b000 Uncommon trap: reason=class_check action=maybe_recompile pc=0x0000000003c100bc method=java.lang.AbstractStringBuilder.append(Ljava/lang/CharSequence;)Ljava/lang/AbstractStringBuilder; @ 26
Event: 15.950 Thread 0x000000001ad1b000 Uncommon trap: reason=class_check action=maybe_recompile pc=0x0000000003aa9d28 method=java.lang.AbstractStringBuilder.append(Ljava/lang/CharSequence;II)Ljava/lang/AbstractStringBuilder; @ 18
Event: 15.962 Thread 0x000000001ad1b000 Uncommon trap: reason=class_check action=maybe_recompile pc=0x0000000003c100bc method=java.lang.AbstractStringBuilder.append(Ljava/lang/CharSequence;)Ljava/lang/AbstractStringBuilder; @ 26
Event: 15.962 Thread 0x000000001ad1b000 Uncommon trap: reason=class_check action=maybe_recompile pc=0x0000000003aa9d28 method=java.lang.AbstractStringBuilder.append(Ljava/lang/CharSequence;II)Ljava/lang/AbstractStringBuilder; @ 18
Event: 15.983 Thread 0x000000001ad1b000 Uncommon trap: reason=class_check action=maybe_recompile pc=0x0000000003c100bc method=java.lang.AbstractStringBuilder.append(Ljava/lang/CharSequence;)Ljava/lang/AbstractStringBuilder; @ 26
Event: 15.983 Thread 0x000000001ad1b000 Uncommon trap: reason=class_check action=maybe_recompile pc=0x0000000003aa9d28 method=java.lang.AbstractStringBuilder.append(Ljava/lang/CharSequence;II)Ljava/lang/AbstractStringBuilder; @ 18

Internal exceptions (10 events):
Event: 14.302 Thread 0x000000001ad1b000 Exception <a 'java/lang/ClassNotFoundException': org/gradle/model/internal/core/NodeBackedModelMapBeanInfo> (0x00000000e705bd58) thrown at [C:\src\android\AOSP-openjdk\external\jetbrains\jdk\hotspot\src\share\vm\classfile\systemDictionary.cpp, line 210]
Event: 14.303 Thread 0x000000001ad1b000 Exception <a 'java/lang/ClassNotFoundException': org/gradle/model/internal/core/ModelMapGroovyViewBeanInfo> (0x00000000e706dc90) thrown at [C:\src\android\AOSP-openjdk\external\jetbrains\jdk\hotspot\src\share\vm\classfile\systemDictionary.cpp, line 210]
Event: 14.304 Thread 0x000000001ad1b000 Exception <a 'java/lang/ClassNotFoundException': org/gradle/model/internal/core/ModelMapGroovyViewCustomizer> (0x00000000e7080770) thrown at [C:\src\android\AOSP-openjdk\external\jetbrains\jdk\hotspot\src\share\vm\classfile\systemDictionary.cpp, line 210]
Event: 14.322 Thread 0x000000001ad1b000 Exception <a 'java/lang/ClassNotFoundException': org/gradle/model/internal/core/NodeBackedModelMapCustomizer> (0x00000000e70a6730) thrown at [C:\src\android\AOSP-openjdk\external\jetbrains\jdk\hotspot\src\share\vm\classfile\systemDictionary.cpp, line 210]
Event: 14.357 Thread 0x000000001ad1b000 Exception <a 'java/lang/ClassNotFoundException': org/gradle/platform/base/BinaryContainer_ImplCustomizer> (0x00000000e7105cb0) thrown at [C:\src\android\AOSP-openjdk\external\jetbrains\jdk\hotspot\src\share\vm\classfile\systemDictionary.cpp, line 210]
Event: 14.757 Thread 0x000000001ad1b000 Exception <a 'java/lang/NoSuchMethodError': <clinit>> (0x00000000e7643af0) thrown at [C:\src\android\AOSP-openjdk\external\jetbrains\jdk\hotspot\src\share\vm\prims\jni.cpp, line 1613]
Event: 14.758 Thread 0x000000001ad1b000 Exception <a 'java/lang/NoSuchMethodError': <clinit>> (0x00000000e7651390) thrown at [C:\src\android\AOSP-openjdk\external\jetbrains\jdk\hotspot\src\share\vm\prims\jni.cpp, line 1613]
Event: 15.817 Thread 0x000000001ad1b000 Exception <a 'java/lang/NoSuchMethodError': <clinit>> (0x00000000e0077a88) thrown at [C:\src\android\AOSP-openjdk\external\jetbrains\jdk\hotspot\src\share\vm\prims\jni.cpp, line 1613]
Event: 15.820 Thread 0x000000001ad1b000 Exception <a 'java/lang/NoSuchMethodError': <clinit>> (0x00000000e00907e0) thrown at [C:\src\android\AOSP-openjdk\external\jetbrains\jdk\hotspot\src\share\vm\prims\jni.cpp, line 1613]
Event: 15.820 Thread 0x000000001ad1b000 Exception <a 'java/lang/NoSuchMethodError': <clinit>> (0x00000000e0092460) thrown at [C:\src\android\AOSP-openjdk\external\jetbrains\jdk\hotspot\src\share\vm\prims\jni.cpp, line 1613]

Events (10 events):
Event: 15.962 Thread 0x000000001ad1b000 DEOPT PACKING pc=0x0000000003aa9d28 sp=0x000000001cc6b760
Event: 15.962 Thread 0x000000001ad1b000 DEOPT UNPACKING pc=0x0000000002c4556a sp=0x000000001cc6b728 mode 2
Event: 15.983 Thread 0x000000001ad1b000 Uncommon trap: trap_request=0xffffffde fr.pc=0x0000000003c100bc
Event: 15.983 Thread 0x000000001ad1b000 DEOPT PACKING pc=0x0000000003c100bc sp=0x000000001cc6b8b0
Event: 15.983 Thread 0x000000001ad1b000 DEOPT UNPACKING pc=0x0000000002c4556a sp=0x000000001cc6b8a8 mode 2
Event: 15.983 Thread 0x000000001ad1b000 Uncommon trap: trap_request=0xffffffde fr.pc=0x0000000003aa9d28
Event: 15.983 Thread 0x000000001ad1b000 DEOPT PACKING pc=0x0000000003aa9d28 sp=0x000000001cc6b760
Event: 15.983 Thread 0x000000001ad1b000 DEOPT UNPACKING pc=0x0000000002c4556a sp=0x000000001cc6b728 mode 2
Event: 18.148 Thread 0x00000000188e7000 flushing nmethod 0x0000000002f85190
Event: 18.149 Thread 0x00000000188e7000 flushing nmethod 0x000000000300bf10


Dynamic libraries:
0x00007ff6b4ed0000 - 0x00007ff6b4f01000 	C:\Program Files\Android\Android Studio\jre\bin\java.exe
0x00007ff9d3e00000 - 0x00007ff9d3fad000 	C:\Windows\SYSTEM32\ntdll.dll
0x00007ff9d3cc0000 - 0x00007ff9d3dfe000 	C:\Windows\system32\KERNEL32.DLL
0x00007ff9a1e70000 - 0x00007ff9a1ea4000 	C:\Program Files\AVAST Software\Avast\x64\aswhooka.dll
0x00007ff9d1290000 - 0x00007ff9d13a5000 	C:\Windows\system32\KERNELBASE.dll
0x00007ff9d2420000 - 0x00007ff9d24ca000 	C:\Windows\system32\ADVAPI32.dll
0x00007ff9d3a70000 - 0x00007ff9d3be7000 	C:\Windows\system32\USER32.dll
0x00007ff9cf040000 - 0x00007ff9cf2bb000 	C:\Windows\WinSxS\amd64_microsoft.windows.common-controls_6595b64144ccf1df_6.0.9600.18006_none_623f33d3ecbe86e8\COMCTL32.dll
0x00007ff9d1a60000 - 0x00007ff9d1b0a000 	C:\Windows\system32\msvcrt.dll
0x00007ff9d3bf0000 - 0x00007ff9d3c49000 	C:\Windows\SYSTEM32\sechost.dll
0x00007ff9d1560000 - 0x00007ff9d16a0000 	C:\Windows\system32\RPCRT4.dll
0x00007ff9d1f90000 - 0x00007ff9d20db000 	C:\Windows\system32\GDI32.dll
0x00007ff9d13b0000 - 0x00007ff9d13de000 	C:\Windows\system32\SspiCli.dll
0x00007ff9d1f50000 - 0x00007ff9d1f86000 	C:\Windows\system32\IMM32.DLL
0x00007ff9d1900000 - 0x00007ff9d1a51000 	C:\Windows\system32\MSCTF.dll
0x000000006be40000 - 0x000000006bf12000 	C:\Program Files\Android\Android Studio\jre\jre\bin\msvcr100.dll
0x000000006e0b0000 - 0x000000006e8ec000 	C:\Program Files\Android\Android Studio\jre\jre\bin\server\jvm.dll
0x00007ff9b8110000 - 0x00007ff9b8119000 	C:\Windows\SYSTEM32\WSOCK32.dll
0x00007ff9cea50000 - 0x00007ff9cea72000 	C:\Windows\SYSTEM32\WINMM.dll
0x00007ff9cea40000 - 0x00007ff9cea4a000 	C:\Windows\SYSTEM32\VERSION.dll
0x00007ff9d2530000 - 0x00007ff9d2537000 	C:\Windows\system32\PSAPI.DLL
0x00007ff9d24d0000 - 0x00007ff9d252a000 	C:\Windows\system32\WS2_32.dll
0x00007ff9ce9e0000 - 0x00007ff9cea0a000 	C:\Windows\SYSTEM32\WINMMBASE.dll
0x00007ff9d1f40000 - 0x00007ff9d1f49000 	C:\Windows\system32\NSI.dll
0x00007ff9d1060000 - 0x00007ff9d10af000 	C:\Windows\SYSTEM32\cfgmgr32.dll
0x00007ff9cfd40000 - 0x00007ff9cfd68000 	C:\Windows\SYSTEM32\DEVOBJ.dll
0x00007ff9c11c0000 - 0x00007ff9c11cf000 	C:\Program Files\Android\Android Studio\jre\jre\bin\verify.dll
0x00007ff9baf20000 - 0x00007ff9baf49000 	C:\Program Files\Android\Android Studio\jre\jre\bin\java.dll
0x00007ff9baec0000 - 0x00007ff9baed6000 	C:\Program Files\Android\Android Studio\jre\jre\bin\zip.dll
0x00007ff9d2540000 - 0x00007ff9d3a69000 	C:\Windows\system32\SHELL32.dll
0x00007ff9d1cc0000 - 0x00007ff9d1ed2000 	C:\Windows\SYSTEM32\combase.dll
0x00007ff9d1ee0000 - 0x00007ff9d1f34000 	C:\Windows\system32\SHLWAPI.dll
0x00007ff9cf780000 - 0x00007ff9cf832000 	C:\Windows\SYSTEM32\SHCORE.dll
0x00007ff9d0f30000 - 0x00007ff9d0f45000 	C:\Windows\SYSTEM32\profapi.dll
0x00007ff9baea0000 - 0x00007ff9baeba000 	C:\Program Files\Android\Android Studio\jre\jre\bin\net.dll
0x00007ff9d0830000 - 0x00007ff9d0889000 	C:\Windows\system32\mswsock.dll
0x00007ff9bae80000 - 0x00007ff9bae91000 	C:\Program Files\Android\Android Studio\jre\jre\bin\nio.dll
0x00007ff9c2170000 - 0x00007ff9c218e000 	C:\Users\Lenovo\.gradle\native\23\windows-amd64\native-platform.dll
0x00007ff9d0890000 - 0x00007ff9d08b0000 	C:\Windows\SYSTEM32\CRYPTSP.dll
0x00007ff9d0460000 - 0x00007ff9d0496000 	C:\Windows\system32\rsaenh.dll
0x00007ff9d0ae0000 - 0x00007ff9d0b06000 	C:\Windows\SYSTEM32\bcrypt.dll
0x00007ff9d0570000 - 0x00007ff9d0591000 	C:\Windows\SYSTEM32\USERENV.dll
0x00007ff9d0e00000 - 0x00007ff9d0e63000 	C:\Windows\system32\bcryptprimitives.dll
0x00007ff9d0e70000 - 0x00007ff9d0e7b000 	C:\Windows\SYSTEM32\CRYPTBASE.dll
0x00007ff9cafc0000 - 0x00007ff9cafea000 	C:\Windows\SYSTEM32\IPHLPAPI.DLL
0x00007ff9caf70000 - 0x00007ff9caf7a000 	C:\Windows\SYSTEM32\WINNSI.DLL
0x00007ff9caa20000 - 0x00007ff9caa36000 	C:\Windows\SYSTEM32\dhcpcsvc6.DLL
0x00007ff9cac20000 - 0x00007ff9cac3a000 	C:\Windows\SYSTEM32\dhcpcsvc.DLL
0x00007ff9ce030000 - 0x00007ff9ce03d000 	C:\Program Files\Android\Android Studio\jre\jre\bin\management.dll

VM Arguments:
jvm_args: -Xmx1536m -Dfile.encoding=windows-1252 -Duser.country=US -Duser.language=en -Duser.variant 
java_command: org.gradle.launcher.daemon.bootstrap.GradleDaemon 3.3
java_class_path (initial): C:\Users\Lenovo\.gradle\wrapper\dists\gradle-3.3-all\55gk2rcmfc6p2dg9u9ohc3hw9\gradle-3.3\lib\gradle-launcher-3.3.jar
Launcher Type: SUN_STANDARD

Environment Variables:
JAVA_HOME=C:\Program Files\Java\jdk1.8.0_101
PATH=C:\ProgramData\Oracle\Java\javapath;C:\Windows\system32;C:\Windows;C:\Windows\System32\Wbem;C:\Windows\System32\WindowsPowerShell\v1.0\;C:\Program Files\Microsoft SQL Server\120\Tools\Binn\;C:\Program Files\Microsoft SQL Server\130\Tools\Binn\;C:\Program Files\Microsoft SQL Server\Client SDK\ODBC\110\Tools\Binn\;C:\Program Files (x86)\Microsoft SQL Server\120\Tools\Binn\;C:\Program Files\Microsoft SQL Server\120\DTS\Binn\;C:\Program Files (x86)\Microsoft SQL Server\120\Tools\Binn\ManagementStudio\;C:\Program Files (x86)\Microsoft SQL Server\120\DTS\Binn\;C:\Program Files\Git\cmd;C:\Windows\system32\config\systemprofile\.dnx\bin;C:\Program Files\Microsoft DNX\Dnvm\;C:\Program Files\nodejs\;C:\Program Files\dotnet\;C:\Program Files\Microsoft SQL Server\Client SDK\ODBC\130\Tools\Binn\;C:\Program Files (x86)\Microsoft SQL Server\140\Tools\Binn\;C:\Program Files\Microsoft SQL Server\140\Tools\Binn\;C:\Program Files\Microsoft SQL Server\140\DTS\Binn\;C:\Program Files (x86)\Microsoft SQL Server\Client SDK\ODBC\130\Tools\Binn\;C:\Program Files (x86)\Microsoft SQL Server\140\DTS\Binn\;C:\Program Files (x86)\Microsoft SQL Server\140\Tools\Binn\ManagementStudio\;C:\Program Files (x86)\Git\cmd;C:\GnuWin32\bin;C:\MinGW\bin;C:\Users\Lenovo\AppData\Roaming\npm;C:\Users\Lenovo\AppData\Local\atom\bin
USERNAME=Lenovo
OS=Windows_NT
PROCESSOR_IDENTIFIER=Intel64 Family 6 Model 60 Stepping 3, GenuineIntel



---------------  S Y S T E M  ---------------

OS: Windows 8.1 , 64 bit Build 9600 (6.3.9600.17415)

CPU:total 8 (4 cores per cpu, 2 threads per core) family 6 model 60 stepping 3, cmov, cx8, fxsr, mmx, sse, sse2, sse3, ssse3, sse4.1, sse4.2, popcnt, avx, avx2, aes, clmul, erms, lzcnt, ht, tsc, tscinvbit, bmi1, bmi2

Memory: 4k page, physical 8337772k(1589444k free), swap 10674636k(4828k free)

vm_info: OpenJDK 64-Bit Server VM (25.112-b06) for windows-amd64 JRE (1.8.0_112-release-b06), built on Dec  8 2016 00:54:26 by "builder" with MS VC++ 10.0 (VS2010)

time: Tue Dec 19 16:35:28 2017
elapsed time: 18 seconds (0d 0h 0m 18s)

