#
# There is insufficient memory for the Java Runtime Environment to continue.
# Native memory allocation (malloc) failed to allocate 2232496 bytes for Chunk::new
# Possible reasons:
#   The system is out of physical RAM or swap space
#   In 32 bit mode, the process size limit was hit
# Possible solutions:
#   Reduce memory load on the system
#   Increase physical memory or swap space
#   Check if swap backing store is full
#   Use 64 bit Java on a 64 bit OS
#   Decrease Java heap size (-Xmx/-Xms)
#   Decrease number of Java threads
#   Decrease Java thread stack sizes (-Xss)
#   Set larger code cache with -XX:ReservedCodeCacheSize=
# This output file may be truncated or incomplete.
#
#  Out of Memory Error (allocation.cpp:390), pid=22396, tid=0x0000000000000b40
#
# JRE version: OpenJDK Runtime Environment (8.0_112-b06) (build 1.8.0_112-release-b06)
# Java VM: OpenJDK 64-Bit Server VM (25.112-b06 mixed mode windows-amd64 compressed oops)
# Failed to write core dump. Minidumps are not enabled by default on client versions of Windows
#

---------------  T H R E A D  ---------------

Current thread (0x00000000185bc800):  JavaThread "C2 CompilerThread1" daemon [_thread_in_native, id=2880, stack(0x0000000018e70000,0x0000000018f70000)]

Stack: [0x0000000018e70000,0x0000000018f70000]
[error occurred during error reporting (printing stack bounds), id 0xc0000005]

Native frames: (J=compiled Java code, j=interpreted, Vv=VM code, C=native code)


Current CompileTask:
C2:   9685 3107       4       java.net.URLClassLoader$1::run (5 bytes)


---------------  P R O C E S S  ---------------

Java Threads: ( => current thread )
  0x000000001d1cc000 JavaThread "File lock request listener" [_thread_in_native, id=7516, stack(0x000000001f3b0000,0x000000001f4b0000)]
  0x000000001a4a0800 JavaThread "Stdin handler" [_thread_blocked, id=22200, stack(0x000000001ba40000,0x000000001bb40000)]
  0x000000001a4b4800 JavaThread "Asynchronous log dispatcher for DefaultDaemonConnection: socket connection from /127.0.0.1:64193 to /127.0.0.1:64194" [_thread_blocked, id=20608, stack(0x000000001b940000,0x000000001ba40000)]
  0x000000001a777800 JavaThread "Daemon worker" [_thread_blocked, id=22248, stack(0x000000001b840000,0x000000001b940000)]
  0x000000001a1f8800 JavaThread "Cancel handler" [_thread_blocked, id=17992, stack(0x000000001b740000,0x000000001b840000)]
  0x000000001a1fa000 JavaThread "pool-1-thread-1" [_thread_blocked, id=22912, stack(0x000000001b640000,0x000000001b740000)]
  0x000000001a988000 JavaThread "Handler for socket connection from /127.0.0.1:64193 to /127.0.0.1:64194" [_thread_in_native, id=23100, stack(0x000000001b540000,0x000000001b640000)]
  0x000000001a986000 JavaThread "Daemon" [_thread_blocked, id=5116, stack(0x000000001b440000,0x000000001b540000)]
  0x000000001a74d000 JavaThread "Incoming local TCP Connector on port 64193" [_thread_in_native, id=21248, stack(0x000000001ab40000,0x000000001ac40000)]
  0x0000000018653800 JavaThread "Service Thread" daemon [_thread_blocked, id=22688, stack(0x0000000019170000,0x0000000019270000)]
  0x00000000185c9000 JavaThread "C1 CompilerThread3" daemon [_thread_blocked, id=10184, stack(0x0000000019070000,0x0000000019170000)]
  0x00000000185c1000 JavaThread "C2 CompilerThread2" daemon [_thread_blocked, id=15200, stack(0x0000000018f70000,0x0000000019070000)]
=>0x00000000185bc800 JavaThread "C2 CompilerThread1" daemon [_thread_in_native, id=2880, stack(0x0000000018e70000,0x0000000018f70000)]
  0x00000000185b9800 JavaThread "C2 CompilerThread0" daemon [_thread_blocked, id=17692, stack(0x0000000018d70000,0x0000000018e70000)]
  0x00000000185b4800 JavaThread "Attach Listener" daemon [_thread_blocked, id=17792, stack(0x0000000018c70000,0x0000000018d70000)]
  0x00000000166ae000 JavaThread "Signal Dispatcher" daemon [_thread_blocked, id=9932, stack(0x0000000018b70000,0x0000000018c70000)]
  0x00000000185b0800 JavaThread "Finalizer" daemon [_thread_blocked, id=7176, stack(0x0000000018990000,0x0000000018a90000)]
  0x00000000028d6000 JavaThread "Reference Handler" daemon [_thread_blocked, id=22452, stack(0x0000000018490000,0x0000000018590000)]
  0x00000000027e0800 JavaThread "main" [_thread_blocked, id=16348, stack(0x0000000002640000,0x0000000002740000)]

Other Threads:
  0x0000000016695800 VMThread [stack: 0x0000000018390000,0x0000000018490000] [id=22048]
  0x0000000018654000 WatcherThread [stack: 0x0000000019270000,0x0000000019370000] [id=12144]

VM state:at safepoint (normal execution)

VM Mutex/Monitor currently owned by a thread:  ([mutex/lock_event])
[0x0000000000e5c030] Threads_lock - owner thread: 0x0000000016695800
[0x0000000000e5c530] Heap_lock - owner thread: 0x000000001a777800

Heap:
 PSYoungGen      total 107008K, used 10223K [0x00000000e0000000, 0x00000000e9f80000, 0x0000000100000000)
  eden space 96768K, 0% used [0x00000000e0000000,0x00000000e0000000,0x00000000e5e80000)
  from space 10240K, 99% used [0x00000000e5e80000,0x00000000e687bd58,0x00000000e6880000)
  to   space 12288K, 0% used [0x00000000e9380000,0x00000000e9380000,0x00000000e9f80000)
 ParOldGen       total 63488K, used 13307K [0x00000000a0000000, 0x00000000a3e00000, 0x00000000e0000000)
  object space 63488K, 20% used [0x00000000a0000000,0x00000000a0cfefd8,0x00000000a3e00000)
 Metaspace       used 34828K, capacity 35388K, committed 35496K, reserved 1079296K
  class space    used 4670K, capacity 4848K, committed 4864K, reserved 1048576K

Card table byte_map: [0x0000000011ca0000,0x0000000011fb0000] byte_map_base: 0x00000000117a0000

Marking Bits: (ParMarkBitMap*) 0x0000000053d318f0
 Begin Bits: [0x00000000129b0000, 0x00000000141b0000)
 End Bits:   [0x00000000141b0000, 0x00000000159b0000)

Polling page: 0x0000000000cb0000

CodeCache: size=245760Kb used=14083Kb max_used=14091Kb free=231676Kb
 bounds [0x00000000028e0000, 0x00000000036b0000, 0x00000000118e0000]
 total_blobs=4361 nmethods=3659 adapters=614
 compilation: enabled

Compilation events (10 events):
Event: 7.640 Thread 0x00000000185c9000 3691       3       org.objectweb.asm.ByteVector::a (51 bytes)
Event: 7.640 Thread 0x00000000185c9000 nmethod 3691 0x0000000003692790 code [0x0000000003692900, 0x0000000003692c28]
Event: 7.644 Thread 0x00000000185c9000 3692       3       java.lang.Class::copyConstructors (38 bytes)
Event: 7.645 Thread 0x00000000185c9000 nmethod 3692 0x0000000003696e50 code [0x0000000003697060, 0x0000000003697b28]
Event: 7.647 Thread 0x00000000185c9000 3693       1       org.apache.commons.collections.map.AbstractReferenceMap::access$000 (5 bytes)
Event: 7.647 Thread 0x00000000185c9000 nmethod 3693 0x00000000036924d0 code [0x0000000003692620, 0x0000000003692710]
Event: 7.652 Thread 0x00000000185c9000 3694       1       com.google.common.collect.MapMakerInternalMap$1::clear (1 bytes)
Event: 7.652 Thread 0x00000000185c9000 nmethod 3694 0x0000000003692210 code [0x0000000003692360, 0x0000000003692470]
Event: 7.653 Thread 0x00000000185c9000 3695       3       java.lang.String::replaceAll (13 bytes)
Event: 7.653 Thread 0x00000000185c9000 nmethod 3695 0x0000000003696790 code [0x0000000003696920, 0x0000000003696ce8]

GC Heap History (10 events):
Event: 2.799 GC heap after
Heap after GC invocations=4 (full 0):
 PSYoungGen      total 71680K, used 5100K [0x00000000e0000000, 0x00000000e4b00000, 0x0000000100000000)
  eden space 66560K, 0% used [0x00000000e0000000,0x00000000e0000000,0x00000000e4100000)
  from space 5120K, 99% used [0x00000000e4600000,0x00000000e4afb000,0x00000000e4b00000)
  to   space 5120K, 0% used [0x00000000e4100000,0x00000000e4100000,0x00000000e4600000)
 ParOldGen       total 87552K, used 8010K [0x00000000a0000000, 0x00000000a5580000, 0x00000000e0000000)
  object space 87552K, 9% used [0x00000000a0000000,0x00000000a07d28c0,0x00000000a5580000)
 Metaspace       used 20799K, capacity 21100K, committed 21296K, reserved 1067008K
  class space    used 2751K, capacity 2865K, committed 2944K, reserved 1048576K
}
Event: 2.799 GC heap before
{Heap before GC invocations=5 (full 1):
 PSYoungGen      total 71680K, used 5100K [0x00000000e0000000, 0x00000000e4b00000, 0x0000000100000000)
  eden space 66560K, 0% used [0x00000000e0000000,0x00000000e0000000,0x00000000e4100000)
  from space 5120K, 99% used [0x00000000e4600000,0x00000000e4afb000,0x00000000e4b00000)
  to   space 5120K, 0% used [0x00000000e4100000,0x00000000e4100000,0x00000000e4600000)
 ParOldGen       total 87552K, used 8010K [0x00000000a0000000, 0x00000000a5580000, 0x00000000e0000000)
  object space 87552K, 9% used [0x00000000a0000000,0x00000000a07d28c0,0x00000000a5580000)
 Metaspace       used 20799K, capacity 21100K, committed 21296K, reserved 1067008K
  class space    used 2751K, capacity 2865K, committed 2944K, reserved 1048576K
Event: 2.851 GC heap after
Heap after GC invocations=5 (full 1):
 PSYoungGen      total 71680K, used 0K [0x00000000e0000000, 0x00000000e4b00000, 0x0000000100000000)
  eden space 66560K, 0% used [0x00000000e0000000,0x00000000e0000000,0x00000000e4100000)
  from space 5120K, 0% used [0x00000000e4600000,0x00000000e4600000,0x00000000e4b00000)
  to   space 5120K, 0% used [0x00000000e4100000,0x00000000e4100000,0x00000000e4600000)
 ParOldGen       total 63488K, used 8656K [0x00000000a0000000, 0x00000000a3e00000, 0x00000000e0000000)
  object space 63488K, 13% used [0x00000000a0000000,0x00000000a0874350,0x00000000a3e00000)
 Metaspace       used 20799K, capacity 21100K, committed 21296K, reserved 1067008K
  class space    used 2751K, capacity 2865K, committed 2944K, reserved 1048576K
}
Event: 4.207 GC heap before
{Heap before GC invocations=6 (full 1):
 PSYoungGen      total 71680K, used 66560K [0x00000000e0000000, 0x00000000e4b00000, 0x0000000100000000)
  eden space 66560K, 100% used [0x00000000e0000000,0x00000000e4100000,0x00000000e4100000)
  from space 5120K, 0% used [0x00000000e4600000,0x00000000e4600000,0x00000000e4b00000)
  to   space 5120K, 0% used [0x00000000e4100000,0x00000000e4100000,0x00000000e4600000)
 ParOldGen       total 63488K, used 8656K [0x00000000a0000000, 0x00000000a3e00000, 0x00000000e0000000)
  object space 63488K, 13% used [0x00000000a0000000,0x00000000a0874350,0x00000000a3e00000)
 Metaspace       used 25894K, capacity 26304K, committed 26496K, reserved 1073152K
  class space    used 3583K, capacity 3693K, committed 3712K, reserved 1048576K
Event: 4.220 GC heap after
Heap after GC invocations=6 (full 1):
 PSYoungGen      total 71680K, used 5089K [0x00000000e0000000, 0x00000000e7580000, 0x0000000100000000)
  eden space 66560K, 0% used [0x00000000e0000000,0x00000000e0000000,0x00000000e4100000)
  from space 5120K, 99% used [0x00000000e4100000,0x00000000e45f8570,0x00000000e4600000)
  to   space 10752K, 0% used [0x00000000e6b00000,0x00000000e6b00000,0x00000000e7580000)
 ParOldGen       total 63488K, used 11544K [0x00000000a0000000, 0x00000000a3e00000, 0x00000000e0000000)
  object space 63488K, 18% used [0x00000000a0000000,0x00000000a0b46220,0x00000000a3e00000)
 Metaspace       used 25894K, capacity 26304K, committed 26496K, reserved 1073152K
  class space    used 3583K, capacity 3693K, committed 3712K, reserved 1048576K
}
Event: 6.343 GC heap before
{Heap before GC invocations=7 (full 1):
 PSYoungGen      total 71680K, used 71649K [0x00000000e0000000, 0x00000000e7580000, 0x0000000100000000)
  eden space 66560K, 100% used [0x00000000e0000000,0x00000000e4100000,0x00000000e4100000)
  from space 5120K, 99% used [0x00000000e4100000,0x00000000e45f8570,0x00000000e4600000)
  to   space 10752K, 0% used [0x00000000e6b00000,0x00000000e6b00000,0x00000000e7580000)
 ParOldGen       total 63488K, used 11544K [0x00000000a0000000, 0x00000000a3e00000, 0x00000000e0000000)
  object space 63488K, 18% used [0x00000000a0000000,0x00000000a0b46220,0x00000000a3e00000)
 Metaspace       used 29274K, capacity 29686K, committed 30080K, reserved 1075200K
  class space    used 3983K, capacity 4115K, committed 4224K, reserved 1048576K
Event: 6.362 GC heap after
Heap after GC invocations=7 (full 1):
 PSYoungGen      total 104448K, used 6500K [0x00000000e0000000, 0x00000000e7280000, 0x0000000100000000)
  eden space 96768K, 0% used [0x00000000e0000000,0x00000000e0000000,0x00000000e5e80000)
  from space 7680K, 84% used [0x00000000e6b00000,0x00000000e7159040,0x00000000e7280000)
  to   space 10240K, 0% used [0x00000000e5e80000,0x00000000e5e80000,0x00000000e6880000)
 ParOldGen       total 63488K, used 11616K [0x00000000a0000000, 0x00000000a3e00000, 0x00000000e0000000)
  object space 63488K, 18% used [0x00000000a0000000,0x00000000a0b58230,0x00000000a3e00000)
 Metaspace       used 29274K, capacity 29686K, committed 30080K, reserved 1075200K
  class space    used 3983K, capacity 4115K, committed 4224K, reserved 1048576K
}
Event: 7.654 GC heap before
{Heap before GC invocations=8 (full 1):
 PSYoungGen      total 104448K, used 80284K [0x00000000e0000000, 0x00000000e7280000, 0x0000000100000000)
  eden space 96768K, 76% used [0x00000000e0000000,0x00000000e480e2c0,0x00000000e5e80000)
  from space 7680K, 84% used [0x00000000e6b00000,0x00000000e7159040,0x00000000e7280000)
  to   space 10240K, 0% used [0x00000000e5e80000,0x00000000e5e80000,0x00000000e6880000)
 ParOldGen       total 63488K, used 11616K [0x00000000a0000000, 0x00000000a3e00000, 0x00000000e0000000)
  object space 63488K, 18% used [0x00000000a0000000,0x00000000a0b58230,0x00000000a3e00000)
 Metaspace       used 34828K, capacity 35388K, committed 35496K, reserved 1079296K
  class space    used 4670K, capacity 4848K, committed 4864K, reserved 1048576K
Event: 7.668 GC heap after
Heap after GC invocations=8 (full 1):
 PSYoungGen      total 107008K, used 10223K [0x00000000e0000000, 0x00000000e9f80000, 0x0000000100000000)
  eden space 96768K, 0% used [0x00000000e0000000,0x00000000e0000000,0x00000000e5e80000)
  from space 10240K, 99% used [0x00000000e5e80000,0x00000000e687bd58,0x00000000e6880000)
  to   space 12288K, 0% used [0x00000000e9380000,0x00000000e9380000,0x00000000e9f80000)
 ParOldGen       total 63488K, used 13307K [0x00000000a0000000, 0x00000000a3e00000, 0x00000000e0000000)
  object space 63488K, 20% used [0x00000000a0000000,0x00000000a0cfefd8,0x00000000a3e00000)
 Metaspace       used 34828K, capacity 35388K, committed 35496K, reserved 1079296K
  class space    used 4670K, capacity 4848K, committed 4864K, reserved 1048576K
}
Event: 7.668 GC heap before
{Heap before GC invocations=9 (full 2):
 PSYoungGen      total 107008K, used 10223K [0x00000000e0000000, 0x00000000e9f80000, 0x0000000100000000)
  eden space 96768K, 0% used [0x00000000e0000000,0x00000000e0000000,0x00000000e5e80000)
  from space 10240K, 99% used [0x00000000e5e80000,0x00000000e687bd58,0x00000000e6880000)
  to   space 12288K, 0% used [0x00000000e9380000,0x00000000e9380000,0x00000000e9f80000)
 ParOldGen       total 63488K, used 13307K [0x00000000a0000000, 0x00000000a3e00000, 0x00000000e0000000)
  object space 63488K, 20% used [0x00000000a0000000,0x00000000a0cfefd8,0x00000000a3e00000)
 Metaspace       used 34828K, capacity 35388K, committed 35496K, reserved 1079296K
  class space    used 4670K, capacity 4848K, committed 4864K, reserved 1048576K

Deoptimization events (10 events):
Event: 6.500 Thread 0x000000001a777800 Uncommon trap: reason=bimorphic action=maybe_recompile pc=0x00000000030afef8 method=java.lang.ClassLoader.getPackage(Ljava/lang/String;)Ljava/lang/Package; @ 47
Event: 6.500 Thread 0x000000001a777800 Uncommon trap: reason=bimorphic action=maybe_recompile pc=0x00000000030afef8 method=java.lang.ClassLoader.getPackage(Ljava/lang/String;)Ljava/lang/Package; @ 47
Event: 6.501 Thread 0x000000001a777800 Uncommon trap: reason=bimorphic action=maybe_recompile pc=0x00000000030f72a0 method=java.lang.ClassLoader.getPackage(Ljava/lang/String;)Ljava/lang/Package; @ 47
Event: 6.556 Thread 0x000000001a777800 Uncommon trap: reason=unstable_if action=reinterpret pc=0x000000000309e890 method=java.util.regex.Pattern.has(I)Z @ 6
Event: 6.570 Thread 0x000000001a777800 Uncommon trap: reason=unstable_if action=reinterpret pc=0x0000000003182650 method=java.lang.Integer.valueOf(I)Ljava/lang/Integer; @ 3
Event: 7.116 Thread 0x000000001a777800 Uncommon trap: reason=bimorphic action=maybe_recompile pc=0x0000000003456bd4 method=java.security.MessageDigest$Delegate.engineUpdate([BII)V @ 7
Event: 7.116 Thread 0x000000001a777800 Uncommon trap: reason=bimorphic action=maybe_recompile pc=0x0000000003456bd4 method=java.security.MessageDigest$Delegate.engineUpdate([BII)V @ 7
Event: 7.116 Thread 0x000000001a777800 Uncommon trap: reason=bimorphic action=maybe_recompile pc=0x0000000003442940 method=sun.security.provider.DigestBase.engineUpdate([BII)V @ 128
Event: 7.340 Thread 0x000000001a777800 Uncommon trap: reason=unstable_if action=reinterpret pc=0x000000000309d6e8 method=java.util.HashMap.putVal(ILjava/lang/Object;Ljava/lang/Object;ZZ)Ljava/lang/Object; @ 162
Event: 7.340 Thread 0x000000001a777800 Uncommon trap: reason=unstable_if action=reinterpret pc=0x0000000002b6fb44 method=java.util.HashMap.resize()[Ljava/util/HashMap$Node; @ 206

Internal exceptions (10 events):
Event: 6.427 Thread 0x000000001a777800 Exception <a 'java/lang/ClassNotFoundException': org/gradle/api/internal/file/FileOperationsBeanInfo> (0x00000000e0575d78) thrown at [C:\src\android\AOSP-openjdk\external\jetbrains\jdk\hotspot\src\share\vm\classfile\systemDictionary.cpp, line 210]
Event: 6.427 Thread 0x000000001a777800 Exception <a 'java/lang/ClassNotFoundException': org/gradle/api/internal/file/FileOperationsCustomizer> (0x00000000e059e1a8) thrown at [C:\src\android\AOSP-openjdk\external\jetbrains\jdk\hotspot\src\share\vm\classfile\systemDictionary.cpp, line 210]
Event: 6.428 Thread 0x000000001a777800 Exception <a 'java/lang/ClassNotFoundException': org/gradle/api/internal/ProcessOperationsBeanInfo> (0x00000000e05e1778) thrown at [C:\src\android\AOSP-openjdk\external\jetbrains\jdk\hotspot\src\share\vm\classfile\systemDictionary.cpp, line 210]
Event: 6.429 Thread 0x000000001a777800 Exception <a 'java/lang/ClassNotFoundException': org/gradle/api/internal/ProcessOperationsCustomizer> (0x00000000e0608fc8) thrown at [C:\src\android\AOSP-openjdk\external\jetbrains\jdk\hotspot\src\share\vm\classfile\systemDictionary.cpp, line 210]
Event: 6.481 Thread 0x000000001a777800 Exception <a 'java/lang/ClassNotFoundException': build_3zn2h6bija9ejyoh3zgmjcsxxBeanInfo> (0x00000000e0774668) thrown at [C:\src\android\AOSP-openjdk\external\jetbrains\jdk\hotspot\src\share\vm\classfile\systemDictionary.cpp, line 210]
Event: 6.481 Thread 0x000000001a777800 Exception <a 'java/lang/ClassNotFoundException': build_3zn2h6bija9ejyoh3zgmjcsxxCustomizer> (0x00000000e0784898) thrown at [C:\src\android\AOSP-openjdk\external\jetbrains\jdk\hotspot\src\share\vm\classfile\systemDictionary.cpp, line 210]
Event: 6.487 Thread 0x000000001a777800 Exception <a 'java/lang/ClassNotFoundException': org/gradle/api/internal/plugins/DefaultObjectConfigurationActionBeanInfo> (0x00000000e07deef8) thrown at [C:\src\android\AOSP-openjdk\external\jetbrains\jdk\hotspot\src\share\vm\classfile\systemDictionary.cp
Event: 6.488 Thread 0x000000001a777800 Exception <a 'java/lang/ClassNotFoundException': org/gradle/api/internal/plugins/DefaultObjectConfigurationActionCustomizer> (0x00000000e080e810) thrown at [C:\src\android\AOSP-openjdk\external\jetbrains\jdk\hotspot\src\share\vm\classfile\systemDictionary.e‡¸Èö@
Event: 6.491 Thread 0x000000001a777800 Exception <a 'java/lang/ClassNotFoundException': org/gradle/api/plugins/ObjectConfigurationActionBeanInfo> (0x00000000e084d0f0) thrown at [C:\src\android\AOSP-openjdk\external\jetbrains\jdk\hotspot\src\share\vm\classfile\systemDictionary.cpp, line 210]
Event: 6.492 Thread 0x000000001a777800 Exception <a 'java/lang/ClassNotFoundException': org/gradle/api/plugins/ObjectConfigurationActionCustomizer> (0x00000000e0875160) thrown at [C:\src\android\AOSP-openjdk\external\jetbrains\jdk\hotspot\src\share\vm\classfile\systemDictionary.cpp, line 210]

Events (10 events):
Event: 7.649 loading class com/google/common/collect/Sets$1 done
Event: 7.650 loading class com/google/common/collect/Sets$2
Event: 7.650 loading class com/google/common/collect/Sets$2 done
Event: 7.650 loading class com/google/common/collect/ImmutableSet
Event: 7.650 loading class com/google/common/collect/ImmutableSet done
Event: 7.651 loading class com/google/common/collect/ImmutableEnumSet
Event: 7.651 loading class com/google/common/collect/ImmutableEnumSet done
Event: 7.652 loading class com/google/common/collect/Sets$3
Event: 7.652 loading class com/google/common/collect/Sets$3 done
Event: 7.653 Executing VM operation: CollectForMetadataAllocation


Dynamic libraries:
0x00007ff777ef0000 - 0x00007ff777f21000 	C:\Program Files\Android\Android Studio\jre\bin\java.exe
0x00007fff96480000 - 0x00007fff9662d000 	C:\Windows\SYSTEM32\ntdll.dll
0x00007fff94300000 - 0x00007fff9443e000 	C:\Windows\system32\KERNEL32.DLL
0x00007fff68980000 - 0x00007fff689b4000 	C:\Program Files\AVAST Software\Avast\x64\aswhooka.dll
0x00007fff93680000 - 0x00007fff93795000 	C:\Windows\system32\KERNELBASE.dll
0x00007fff95cc0000 - 0x00007fff95d6a000 	C:\Windows\system32\ADVAPI32.dll
0x00007fff940d0000 - 0x00007fff94247000 	C:\Windows\system32\USER32.dll
0x00007fff916c0000 - 0x00007fff9193b000 	C:\Windows\WinSxS\amd64_microsoft.windows.common-controls_6595b64144ccf1df_6.0.9600.18006_none_623f33d3ecbe86e8\COMCTL32.dll
0x00007fff961b0000 - 0x00007fff9625a000 	C:\Windows\system32\msvcrt.dll
0x00007fff95c00000 - 0x00007fff95c59000 	C:\Windows\SYSTEM32\sechost.dll
0x00007fff95e90000 - 0x00007fff95fd0000 	C:\Windows\system32\RPCRT4.dll
0x00007fff93f50000 - 0x00007fff9409b000 	C:\Windows\system32\GDI32.dll
0x00007fff937a0000 - 0x00007fff937ce000 	C:\Windows\system32\SspiCli.dll
0x00007fff942c0000 - 0x00007fff942f6000 	C:\Windows\system32\IMM32.DLL
0x00007fff96040000 - 0x00007fff96191000 	C:\Windows\system32\MSCTF.dll
0x0000000051140000 - 0x0000000051212000 	C:\Program Files\Android\Android Studio\jre\jre\bin\msvcr100.dll
0x0000000053570000 - 0x0000000053dac000 	C:\Program Files\Android\Android Studio\jre\jre\bin\server\jvm.dll
0x00007fff79750000 - 0x00007fff79759000 	C:\Windows\SYSTEM32\WSOCK32.dll
0x00007fff91060000 - 0x00007fff91082000 	C:\Windows\SYSTEM32\WINMM.dll
0x00007fff90fe0000 - 0x00007fff90fea000 	C:\Windows\SYSTEM32\VERSION.dll
0x00007fff940c0000 - 0x00007fff940c7000 	C:\Windows\system32\PSAPI.DLL
0x00007fff95e30000 - 0x00007fff95e8a000 	C:\Windows\system32\WS2_32.dll
0x00007fff90fb0000 - 0x00007fff90fda000 	C:\Windows\SYSTEM32\WINMMBASE.dll
0x00007fff96030000 - 0x00007fff96039000 	C:\Windows\system32\NSI.dll
0x00007fff93ac0000 - 0x00007fff93b0f000 	C:\Windows\SYSTEM32\cfgmgr32.dll
0x00007fff923e0000 - 0x00007fff92408000 	C:\Windows\SYSTEM32\DEVOBJ.dll
0x00007fff898b0000 - 0x00007fff898bf000 	C:\Program Files\Android\Android Studio\jre\jre\bin\verify.dll
0x00007fff89880000 - 0x00007fff898a9000 	C:\Program Files\Android\Android Studio\jre\jre\bin\java.dll
0x00007fff89860000 - 0x00007fff89876000 	C:\Program Files\Android\Android Studio\jre\jre\bin\zip.dll
0x00007fff94450000 - 0x00007fff95979000 	C:\Windows\system32\SHELL32.dll
0x00007fff96260000 - 0x00007fff96472000 	C:\Windows\SYSTEM32\combase.dll
0x00007fff95fd0000 - 0x00007fff96024000 	C:\Windows\system32\SHLWAPI.dll
0x00007fff91e00000 - 0x00007fff91eb2000 	C:\Windows\SYSTEM32\SHCORE.dll
0x00007fff935b0000 - 0x00007fff935c5000 	C:\Windows\SYSTEM32\profapi.dll
0x00007fff89840000 - 0x00007fff8985a000 	C:\Program Files\Android\Android Studio\jre\jre\bin\net.dll
0x00007fff92eb0000 - 0x00007fff92f09000 	C:\Windows\system32\mswsock.dll
0x00007fff89820000 - 0x00007fff89831000 	C:\Program Files\Android\Android Studio\jre\jre\bin\nio.dll
0x00007fff899e0000 - 0x00007fff899fe000 	C:\Users\Lenovo\.gradle\native\23\windows-amd64\native-platform.dll
0x00007fff92f10000 - 0x00007fff92f30000 	C:\Windows\SYSTEM32\CRYPTSP.dll
0x00007fff92ae0000 - 0x00007fff92b16000 	C:\Windows\system32\rsaenh.dll
0x00007fff93160000 - 0x00007fff93186000 	C:\Windows\SYSTEM32\bcrypt.dll
0x00007fff92bf0000 - 0x00007fff92c11000 	C:\Windows\SYSTEM32\USERENV.dll
0x00007fff93480000 - 0x00007fff934e3000 	C:\Windows\system32\bcryptprimitives.dll
0x00007fff934f0000 - 0x00007fff934fb000 	C:\Windows\SYSTEM32\CRYPTBASE.dll
0x00007fff8d690000 - 0x00007fff8d6ba000 	C:\Windows\SYSTEM32\IPHLPAPI.DLL
0x00007fff8d680000 - 0x00007fff8d68a000 	C:\Windows\SYSTEM32\WINNSI.DLL
0x00007fff8c890000 - 0x00007fff8c8a6000 	C:\Windows\SYSTEM32\dhcpcsvc6.DLL
0x00007fff8ca90000 - 0x00007fff8caaa000 	C:\Windows\SYSTEM32\dhcpcsvc.DLL
0x00007fff898c0000 - 0x00007fff898cd000 	C:\Program Files\Android\Android Studio\jre\jre\bin\management.dll

VM Arguments:
jvm_args: -Xmx1536m -Dfile.encoding=windows-1252 -Duser.country=US -Duser.language=en -Duser.variant 
java_command: org.gradle.launcher.daemon.bootstrap.GradleDaemon 3.3
java_class_path (initial): C:\Users\Lenovo\.gradle\wrapper\dists\gradle-3.3-all\55gk2rcmfc6p2dg9u9ohc3hw9\gradle-3.3\lib\gradle-launcher-3.3.jar
Launcher Type: SUN_STANDARD

Environment Variables:
JAVA_HOME=C:\Program Files\Java\jdk1.8.0_101
PATH=C:\ProgramData\Oracle\Java\javapath;C:\Windows\system32;C:\Windows;C:\Windows\System32\Wbem;C:\Windows\System32\WindowsPowerShell\v1.0\;C:\Program Files\Microsoft SQL Server\120\Tools\Binn\;C:\Program Files\Microsoft SQL Server\130\Tools\Binn\;C:\Program Files\Microsoft SQL Server\Client SDK\ODBC\110\Tools\Binn\;C:\Program Files (x86)\Microsoft SQL Server\120\Tools\Binn\;C:\Program Files\Microsoft SQL Server\120\DTS\Binn\;C:\Program Files (x86)\Microsoft SQL Server\120\Tools\Binn\ManagementStudio\;C:\Program Files (x86)\Microsoft SQL Server\120\DTS\Binn\;C:\Program Files\Git\cmd;C:\Windows\system32\config\systemprofile\.dnx\bin;C:\Program Files\Microsoft DNX\Dnvm\;C:\Program Files\nodejs\;C:\Program Files\dotnet\;C:\Program Files\Microsoft SQL Server\Client SDK\ODBC\130\Tools\Binn\;C:\Program Files (x86)\Microsoft SQL Server\140\Tools\Binn\;C:\Program Files\Microsoft SQL Server\140\Tools\Binn\;C:\Program Files\Microsoft SQL Server\140\DTS\Binn\;C:\Program Files (x86)\Microsoft SQL Server\Client SDK\ODBC\130\Tools\Binn\;C:\Program Files (x86)\Microsoft SQL Server\140\DTS\Binn\;C:\Program Files (x86)\Microsoft SQL Server\140\Tools\Binn\ManagementStudio\;C:\Program Files (x86)\Git\cmd;C:\Users\Lenovo\AppData\Roaming\npm;C:\Users\Lenovo\AppData\Local\atom\bin
USERNAME=Lenovo
OS=Windows_NT
PROCESSOR_IDENTIFIER=Intel64 Family 6 Model 60 Stepping 3, GenuineIntel



---------------  S Y S T E M  ---------------

OS: Windows 8.1 , 64 bit Build 9600 (6.3.9600.17415)

CPU:total 8 (4 cores per cpu, 2 threads per core) family 6 model 60 stepping 3, cmov, cx8, fxsr, mmx, sse, sse2, sse3, ssse3, sse4.1, sse4.2, popcnt, avx, avx2, aes, clmul, erms, lzcnt, ht, tsc, tscinvbit, bmi1, bmi2

Memory: 4k page, physical 8337772k(642924k free), swap 11352428k(12400k free)

vm_info: OpenJDK 64-Bit Server VM (25.112-b06) for windows-amd64 JRE (1.8.0_112-release-b06), built on Dec  8 2016 00:54:26 by "builder" with MS VC++ 10.0 (VS2010)

time: Thu Nov 30 12:34:00 2017
elapsed time: 9 seconds (0d 0h 0m 9s)

